<?xml version="1.0" encoding="UTF-8"?>
<testsuite xmlns:xsi="http://www.w3.org/2001/XMLSchema-instance" xsi:noNamespaceSchemaLocation="https://maven.apache.org/surefire/maven-surefire-plugin/xsd/surefire-test-report.xsd" version="3.0.2" name="org.hiero.bot.persistence.repository.GitHubAccountRepositoryTest" time="0.061" tests="5" errors="0" skipped="0" failures="0">
  <properties>
[...]
</properties>
  <testcase name="removeSpamUserMakesNotSpam" classname="org.hiero.bot.persistence.repository.GitHubAccountRepositoryTest" time="0.004">
    <system-out><![CDATA[09:41:40.178 DEBUG [main] o.h.jpa.HibernatePersistenceProvider - Located and parsed 2 persistence units; checking each
09:41:40.178 DEBUG [main] o.h.jpa.HibernatePersistenceProvider - Checking persistence-unit [name=octobird-test, explicit-provider=org.hibernate.jpa.HibernatePersistenceProvider] against incoming persistence unit name [octobird-test]
09:41:40.178 DEBUG [main] o.h.jpa.boot.spi.ProviderChecker - Persistence-unit [octobird-test] requested PersistenceProvider [org.hibernate.jpa.HibernatePersistenceProvider]
09:41:40.178 DEBUG [main] o.h.jpa.internal.util.LogHelper - PersistenceUnitInfo [
	name: octobird-test
	persistence provider classname: org.hibernate.jpa.HibernatePersistenceProvider
	classloader: null
	excludeUnlistedClasses: true
	JTA datasource: null
	Non JTA datasource: null
	Transaction type: RESOURCE_LOCAL
	PU root URL: file:/Users/hendrikebbers/git/open-elements/Octobird/target/test-classes/
	Shared Cache Mode: null
	Validation Mode: null
	Jar files URLs []
	Managed classes names [
		org.hiero.bot.persistence.entity.RepoConfigEntity
		org.hiero.bot.persistence.entity.GitHubAccountEntity
		org.hiero.bot.persistence.entity.MentorAccountEntity
		org.hiero.bot.persistence.entity.ReminderStateEntity
		org.hiero.bot.persistence.entity.AuditLogEntity]
	Mapping files names []
	Properties [
		jakarta.persistence.jdbc.password: 
		hibernate.show_sql: false
		jakarta.persistence.jdbc.url: jdbc:h2:mem:test;DB_CLOSE_DELAY=-1
		jakarta.persistence.jdbc.driver: org.h2.Driver
		hibernate.hbm2ddl.auto: create-drop
		jakarta.persistence.jdbc.user: sa]
09:41:40.179 DEBUG [main] o.h.i.internal.IntegratorServiceImpl - Adding Integrator [org.hibernate.boot.beanvalidation.BeanValidationIntegrator].
09:41:40.179 DEBUG [main] o.h.i.internal.IntegratorServiceImpl - Adding Integrator [org.hibernate.cache.internal.CollectionCacheInvalidator].
09:41:40.179 DEBUG [main] org.hibernate.orm.idgen.factory - Ignoring CDI for resolving IdentifierGenerator instances as extended or delayed CDI support was enabled
09:41:40.179 DEBUG [main] org.hibernate.orm.idgen.factory - Registering IdentifierGenerator strategy [uuid2] -> [org.hibernate.id.UUIDGenerator]
09:41:40.179 DEBUG [main] org.hibernate.orm.idgen.factory - Registering IdentifierGenerator strategy [guid] -> [org.hibernate.id.GUIDGenerator]
09:41:40.179 DEBUG [main] org.hibernate.orm.idgen.factory - Registering IdentifierGenerator strategy [uuid] -> [org.hibernate.id.UUIDHexGenerator]
09:41:40.179 DEBUG [main] org.hibernate.orm.idgen.factory - Registering IdentifierGenerator strategy [uuid.hex] -> [org.hibernate.id.UUIDHexGenerator]
09:41:40.179 DEBUG [main] org.hibernate.orm.idgen.factory - Registering IdentifierGenerator strategy [assigned] -> [org.hibernate.id.Assigned]
09:41:40.179 DEBUG [main] org.hibernate.orm.idgen.factory - Registering IdentifierGenerator strategy [identity] -> [org.hibernate.id.IdentityGenerator]
09:41:40.179 DEBUG [main] org.hibernate.orm.idgen.factory - Registering IdentifierGenerator strategy [select] -> [org.hibernate.id.SelectGenerator]
09:41:40.179 DEBUG [main] org.hibernate.orm.idgen.factory - Registering IdentifierGenerator strategy [sequence] -> [org.hibernate.id.enhanced.SequenceStyleGenerator]
09:41:40.179 DEBUG [main] org.hibernate.orm.idgen.factory - Registering IdentifierGenerator strategy [increment] -> [org.hibernate.id.IncrementGenerator]
09:41:40.179 DEBUG [main] org.hibernate.orm.idgen.factory - Registering IdentifierGenerator strategy [foreign] -> [org.hibernate.id.ForeignGenerator]
09:41:40.179 DEBUG [main] org.hibernate.orm.idgen.factory - Registering IdentifierGenerator strategy [enhanced-sequence] -> [org.hibernate.id.enhanced.SequenceStyleGenerator]
09:41:40.179 DEBUG [main] org.hibernate.orm.idgen.factory - Registering IdentifierGenerator strategy [enhanced-table] -> [org.hibernate.id.enhanced.TableGenerator]
09:41:40.179 DEBUG [main] o.h.c.i.RegionFactoryInitiator - Cannot default RegionFactory based on registered strategies as `[]` RegionFactory strategies were registered
09:41:40.180 INFO  [main] o.h.c.i.RegionFactoryInitiator - HHH000026: Second-level cache disabled
09:41:40.180 DEBUG [main] o.hibernate.type.BasicTypeRegistry - Adding type registration boolean -> org.hibernate.type.BasicTypeReference@120d6cbf
09:41:40.180 DEBUG [main] o.hibernate.type.BasicTypeRegistry - Adding type registration boolean -> org.hibernate.type.BasicTypeReference@120d6cbf
09:41:40.180 DEBUG [main] o.hibernate.type.BasicTypeRegistry - Adding type registration java.lang.Boolean -> org.hibernate.type.BasicTypeReference@120d6cbf
09:41:40.180 DEBUG [main] o.hibernate.type.BasicTypeRegistry - Adding type registration numeric_boolean -> org.hibernate.type.BasicTypeReference@70169464
09:41:40.180 DEBUG [main] o.hibernate.type.BasicTypeRegistry - Adding type registration org.hibernate.type.NumericBooleanConverter -> org.hibernate.type.BasicTypeReference@70169464
09:41:40.180 DEBUG [main] o.hibernate.type.BasicTypeRegistry - Adding type registration true_false -> org.hibernate.type.BasicTypeReference@1115be8c
09:41:40.180 DEBUG [main] o.hibernate.type.BasicTypeRegistry - Adding type registration org.hibernate.type.TrueFalseConverter -> org.hibernate.type.BasicTypeReference@1115be8c
09:41:40.180 DEBUG [main] o.hibernate.type.BasicTypeRegistry - Adding type registration yes_no -> org.hibernate.type.BasicTypeReference@64ed18ec
09:41:40.180 DEBUG [main] o.hibernate.type.BasicTypeRegistry - Adding type registration org.hibernate.type.YesNoConverter -> org.hibernate.type.BasicTypeReference@64ed18ec
09:41:40.180 DEBUG [main] o.hibernate.type.BasicTypeRegistry - Adding type registration byte -> org.hibernate.type.BasicTypeReference@1dfcf85a
09:41:40.180 DEBUG [main] o.hibernate.type.BasicTypeRegistry - Adding type registration byte -> org.hibernate.type.BasicTypeReference@1dfcf85a
09:41:40.180 DEBUG [main] o.hibernate.type.BasicTypeRegistry - Adding type registration java.lang.Byte -> org.hibernate.type.BasicTypeReference@1dfcf85a
09:41:40.180 DEBUG [main] o.hibernate.type.BasicTypeRegistry - Adding type registration binary -> org.hibernate.type.BasicTypeReference@590dea35
09:41:40.180 DEBUG [main] o.hibernate.type.BasicTypeRegistry - Adding type registration byte[] -> org.hibernate.type.BasicTypeReference@590dea35
09:41:40.180 DEBUG [main] o.hibernate.type.BasicTypeRegistry - Adding type registration [B -> org.hibernate.type.BasicTypeReference@590dea35
09:41:40.180 DEBUG [main] o.hibernate.type.BasicTypeRegistry - Adding type registration binary_wrapper -> org.hibernate.type.BasicTypeReference@6550ce46
09:41:40.180 DEBUG [main] o.hibernate.type.BasicTypeRegistry - Adding type registration wrapper-binary -> org.hibernate.type.BasicTypeReference@6550ce46
09:41:40.180 DEBUG [main] o.hibernate.type.BasicTypeRegistry - Adding type registration image -> org.hibernate.type.BasicTypeReference@69f69078
09:41:40.180 DEBUG [main] o.hibernate.type.BasicTypeRegistry - Adding type registration blob -> org.hibernate.type.BasicTypeReference@13b29b34
09:41:40.180 DEBUG [main] o.hibernate.type.BasicTypeRegistry - Adding type registration java.sql.Blob -> org.hibernate.type.BasicTypeReference@13b29b34
09:41:40.180 DEBUG [main] o.hibernate.type.BasicTypeRegistry - Adding type registration materialized_blob -> org.hibernate.type.BasicTypeReference@25589735
09:41:40.180 DEBUG [main] o.hibernate.type.BasicTypeRegistry - Adding type registration materialized_blob_wrapper -> org.hibernate.type.BasicTypeReference@46994f26
09:41:40.180 DEBUG [main] o.hibernate.type.BasicTypeRegistry - Adding type registration short -> org.hibernate.type.BasicTypeReference@1bb172dd
09:41:40.180 DEBUG [main] o.hibernate.type.BasicTypeRegistry - Adding type registration short -> org.hibernate.type.BasicTypeReference@1bb172dd
09:41:40.180 DEBUG [main] o.hibernate.type.BasicTypeRegistry - Adding type registration java.lang.Short -> org.hibernate.type.BasicTypeReference@1bb172dd
09:41:40.180 DEBUG [main] o.hibernate.type.BasicTypeRegistry - Adding type registration integer -> org.hibernate.type.BasicTypeReference@1cdd31a4
09:41:40.180 DEBUG [main] o.hibernate.type.BasicTypeRegistry - Adding type registration int -> org.hibernate.type.BasicTypeReference@1cdd31a4
09:41:40.180 DEBUG [main] o.hibernate.type.BasicTypeRegistry - Adding type registration java.lang.Integer -> org.hibernate.type.BasicTypeReference@1cdd31a4
09:41:40.180 DEBUG [main] o.hibernate.type.BasicTypeRegistry - Adding type registration long -> org.hibernate.type.BasicTypeReference@7dddfc35
09:41:40.180 DEBUG [main] o.hibernate.type.BasicTypeRegistry - Adding type registration long -> org.hibernate.type.BasicTypeReference@7dddfc35
09:41:40.180 DEBUG [main] o.hibernate.type.BasicTypeRegistry - Adding type registration java.lang.Long -> org.hibernate.type.BasicTypeReference@7dddfc35
09:41:40.180 DEBUG [main] o.hibernate.type.BasicTypeRegistry - Adding type registration float -> org.hibernate.type.BasicTypeReference@71316cd7
09:41:40.180 DEBUG [main] o.hibernate.type.BasicTypeRegistry - Adding type registration float -> org.hibernate.type.BasicTypeReference@71316cd7
09:41:40.180 DEBUG [main] o.hibernate.type.BasicTypeRegistry - Adding type registration java.lang.Float -> org.hibernate.type.BasicTypeReference@71316cd7
09:41:40.180 DEBUG [main] o.hibernate.type.BasicTypeRegistry - Adding type registration double -> org.hibernate.type.BasicTypeReference@6106dfb6
09:41:40.180 DEBUG [main] o.hibernate.type.BasicTypeRegistry - Adding type registration double -> org.hibernate.type.BasicTypeReference@6106dfb6
09:41:40.180 DEBUG [main] o.hibernate.type.BasicTypeRegistry - Adding type registration java.lang.Double -> org.hibernate.type.BasicTypeReference@6106dfb6
09:41:40.180 DEBUG [main] o.hibernate.type.BasicTypeRegistry - Adding type registration big_integer -> org.hibernate.type.BasicTypeReference@14239223
09:41:40.180 DEBUG [main] o.hibernate.type.BasicTypeRegistry - Adding type registration java.math.BigInteger -> org.hibernate.type.BasicTypeReference@14239223
09:41:40.180 DEBUG [main] o.hibernate.type.BasicTypeRegistry - Adding type registration big_decimal -> org.hibernate.type.BasicTypeReference@68df8c6
09:41:40.180 DEBUG [main] o.hibernate.type.BasicTypeRegistry - Adding type registration java.math.BigDecimal -> org.hibernate.type.BasicTypeReference@68df8c6
09:41:40.180 DEBUG [main] o.hibernate.type.BasicTypeRegistry - Adding type registration character -> org.hibernate.type.BasicTypeReference@7c206b14
09:41:40.180 DEBUG [main] o.hibernate.type.BasicTypeRegistry - Adding type registration char -> org.hibernate.type.BasicTypeReference@7c206b14
09:41:40.180 DEBUG [main] o.hibernate.type.BasicTypeRegistry - Adding type registration java.lang.Character -> org.hibernate.type.BasicTypeReference@7c206b14
09:41:40.180 DEBUG [main] o.hibernate.type.BasicTypeRegistry - Adding type registration character_nchar -> org.hibernate.type.BasicTypeReference@2b8cf049
09:41:40.180 DEBUG [main] o.hibernate.type.BasicTypeRegistry - Adding type registration string -> org.hibernate.type.BasicTypeReference@2336cd91
09:41:40.180 DEBUG [main] o.hibernate.type.BasicTypeRegistry - Adding type registration java.lang.String -> org.hibernate.type.BasicTypeReference@2336cd91
09:41:40.180 DEBUG [main] o.hibernate.type.BasicTypeRegistry - Adding type registration nstring -> org.hibernate.type.BasicTypeReference@4a944af9
09:41:40.180 DEBUG [main] o.hibernate.type.BasicTypeRegistry - Adding type registration characters -> org.hibernate.type.BasicTypeReference@3593e074
09:41:40.180 DEBUG [main] o.hibernate.type.BasicTypeRegistry - Adding type registration char[] -> org.hibernate.type.BasicTypeReference@3593e074
09:41:40.180 DEBUG [main] o.hibernate.type.BasicTypeRegistry - Adding type registration [C -> org.hibernate.type.BasicTypeReference@3593e074
09:41:40.180 DEBUG [main] o.hibernate.type.BasicTypeRegistry - Adding type registration wrapper-characters -> org.hibernate.type.BasicTypeReference@79d14037
09:41:40.180 DEBUG [main] o.hibernate.type.BasicTypeRegistry - Adding type registration text -> org.hibernate.type.BasicTypeReference@6c1e40d9
09:41:40.180 DEBUG [main] o.hibernate.type.BasicTypeRegistry - Adding type registration ntext -> org.hibernate.type.BasicTypeReference@4b50c21
09:41:40.180 DEBUG [main] o.hibernate.type.BasicTypeRegistry - Adding type registration clob -> org.hibernate.type.BasicTypeReference@2e0fdc83
09:41:40.180 DEBUG [main] o.hibernate.type.BasicTypeRegistry - Adding type registration java.sql.Clob -> org.hibernate.type.BasicTypeReference@2e0fdc83
09:41:40.180 DEBUG [main] o.hibernate.type.BasicTypeRegistry - Adding type registration nclob -> org.hibernate.type.BasicTypeReference@5dacf18d
09:41:40.180 DEBUG [main] o.hibernate.type.BasicTypeRegistry - Adding type registration java.sql.NClob -> org.hibernate.type.BasicTypeReference@5dacf18d
09:41:40.180 DEBUG [main] o.hibernate.type.BasicTypeRegistry - Adding type registration materialized_clob -> org.hibernate.type.BasicTypeReference@432a6a69
09:41:40.180 DEBUG [main] o.hibernate.type.BasicTypeRegistry - Adding type registration materialized_clob_char_array -> org.hibernate.type.BasicTypeReference@6f52a229
09:41:40.180 DEBUG [main] o.hibernate.type.BasicTypeRegistry - Adding type registration materialized_clob_character_array -> org.hibernate.type.BasicTypeReference@3fe98084
09:41:40.180 DEBUG [main] o.hibernate.type.BasicTypeRegistry - Adding type registration materialized_nclob -> org.hibernate.type.BasicTypeReference@5f33e6d
09:41:40.180 DEBUG [main] o.hibernate.type.BasicTypeRegistry - Adding type registration materialized_nclob_character_array -> org.hibernate.type.BasicTypeReference@151a6598
09:41:40.180 DEBUG [main] o.hibernate.type.BasicTypeRegistry - Adding type registration materialized_nclob_char_array -> org.hibernate.type.BasicTypeReference@6fa3def8
09:41:40.180 DEBUG [main] o.hibernate.type.BasicTypeRegistry - Adding type registration Duration -> org.hibernate.type.BasicTypeReference@1c3d9e28
09:41:40.180 DEBUG [main] o.hibernate.type.BasicTypeRegistry - Adding type registration java.time.Duration -> org.hibernate.type.BasicTypeReference@1c3d9e28
09:41:40.180 DEBUG [main] o.hibernate.type.BasicTypeRegistry - Adding type registration LocalDateTime -> org.hibernate.type.BasicTypeReference@a1cb94
09:41:40.180 DEBUG [main] o.hibernate.type.BasicTypeRegistry - Adding type registration java.time.LocalDateTime -> org.hibernate.type.BasicTypeReference@a1cb94
09:41:40.180 DEBUG [main] o.hibernate.type.BasicTypeRegistry - Adding type registration LocalDate -> org.hibernate.type.BasicTypeReference@46d148bd
09:41:40.180 DEBUG [main] o.hibernate.type.BasicTypeRegistry - Adding type registration java.time.LocalDate -> org.hibernate.type.BasicTypeReference@46d148bd
09:41:40.180 DEBUG [main] o.hibernate.type.BasicTypeRegistry - Adding type registration LocalTime -> org.hibernate.type.BasicTypeReference@37f41a81
09:41:40.180 DEBUG [main] o.hibernate.type.BasicTypeRegistry - Adding type registration java.time.LocalTime -> org.hibernate.type.BasicTypeReference@37f41a81
09:41:40.180 DEBUG [main] o.hibernate.type.BasicTypeRegistry - Adding type registration OffsetDateTime -> org.hibernate.type.BasicTypeReference@47c81e89
09:41:40.180 DEBUG [main] o.hibernate.type.BasicTypeRegistry - Adding type registration java.time.OffsetDateTime -> org.hibernate.type.BasicTypeReference@47c81e89
09:41:40.180 DEBUG [main] o.hibernate.type.BasicTypeRegistry - Adding type registration OffsetDateTimeWithTimezone -> org.hibernate.type.BasicTypeReference@49bb808f
09:41:40.180 DEBUG [main] o.hibernate.type.BasicTypeRegistry - Adding type registration OffsetDateTimeWithoutTimezone -> org.hibernate.type.BasicTypeReference@563ada5
09:41:40.180 DEBUG [main] o.hibernate.type.BasicTypeRegistry - Adding type registration OffsetTime -> org.hibernate.type.BasicTypeReference@12548f9a
09:41:40.180 DEBUG [main] o.hibernate.type.BasicTypeRegistry - Adding type registration java.time.OffsetTime -> org.hibernate.type.BasicTypeReference@12548f9a
09:41:40.180 DEBUG [main] o.hibernate.type.BasicTypeRegistry - Adding type registration OffsetTimeUtc -> org.hibernate.type.BasicTypeReference@156ff70f
09:41:40.180 DEBUG [main] o.hibernate.type.BasicTypeRegistry - Adding type registration OffsetTimeWithTimezone -> org.hibernate.type.BasicTypeReference@c5a2d5
09:41:40.180 DEBUG [main] o.hibernate.type.BasicTypeRegistry - Adding type registration OffsetTimeWithoutTimezone -> org.hibernate.type.BasicTypeReference@185339ed
09:41:40.180 DEBUG [main] o.hibernate.type.BasicTypeRegistry - Adding type registration ZonedDateTime -> org.hibernate.type.BasicTypeReference@2e4d4d22
09:41:40.180 DEBUG [main] o.hibernate.type.BasicTypeRegistry - Adding type registration java.time.ZonedDateTime -> org.hibernate.type.BasicTypeReference@2e4d4d22
09:41:40.180 DEBUG [main] o.hibernate.type.BasicTypeRegistry - Adding type registration ZonedDateTimeWithTimezone -> org.hibernate.type.BasicTypeReference@4470106b
09:41:40.180 DEBUG [main] o.hibernate.type.BasicTypeRegistry - Adding type registration ZonedDateTimeWithoutTimezone -> org.hibernate.type.BasicTypeReference@690ed13a
09:41:40.180 DEBUG [main] o.hibernate.type.BasicTypeRegistry - Adding type registration date -> org.hibernate.type.BasicTypeReference@681311a7
09:41:40.180 DEBUG [main] o.hibernate.type.BasicTypeRegistry - Adding type registration java.sql.Date -> org.hibernate.type.BasicTypeReference@681311a7
09:41:40.180 DEBUG [main] o.hibernate.type.BasicTypeRegistry - Adding type registration time -> org.hibernate.type.BasicTypeReference@2c7375da
09:41:40.180 DEBUG [main] o.hibernate.type.BasicTypeRegistry - Adding type registration java.sql.Time -> org.hibernate.type.BasicTypeReference@2c7375da
09:41:40.180 DEBUG [main] o.hibernate.type.BasicTypeRegistry - Adding type registration timestamp -> org.hibernate.type.BasicTypeReference@68c4db77
09:41:40.180 DEBUG [main] o.hibernate.type.BasicTypeRegistry - Adding type registration java.sql.Timestamp -> org.hibernate.type.BasicTypeReference@68c4db77
09:41:40.180 DEBUG [main] o.hibernate.type.BasicTypeRegistry - Adding type registration java.util.Date -> org.hibernate.type.BasicTypeReference@68c4db77
09:41:40.180 DEBUG [main] o.hibernate.type.BasicTypeRegistry - Adding type registration calendar -> org.hibernate.type.BasicTypeReference@775c4054
09:41:40.180 DEBUG [main] o.hibernate.type.BasicTypeRegistry - Adding type registration java.util.Calendar -> org.hibernate.type.BasicTypeReference@775c4054
09:41:40.180 DEBUG [main] o.hibernate.type.BasicTypeRegistry - Adding type registration java.util.GregorianCalendar -> org.hibernate.type.BasicTypeReference@775c4054
09:41:40.180 DEBUG [main] o.hibernate.type.BasicTypeRegistry - Adding type registration calendar_date -> org.hibernate.type.BasicTypeReference@7b2e931
09:41:40.180 DEBUG [main] o.hibernate.type.BasicTypeRegistry - Adding type registration calendar_time -> org.hibernate.type.BasicTypeReference@305881b8
09:41:40.180 DEBUG [main] o.hibernate.type.BasicTypeRegistry - Adding type registration instant -> org.hibernate.type.BasicTypeReference@7e89eba7
09:41:40.180 DEBUG [main] o.hibernate.type.BasicTypeRegistry - Adding type registration java.time.Instant -> org.hibernate.type.BasicTypeReference@7e89eba7
09:41:40.180 DEBUG [main] o.hibernate.type.BasicTypeRegistry - Adding type registration uuid -> org.hibernate.type.BasicTypeReference@6bc25ac2
09:41:40.180 DEBUG [main] o.hibernate.type.BasicTypeRegistry - Adding type registration java.util.UUID -> org.hibernate.type.BasicTypeReference@6bc25ac2
09:41:40.180 DEBUG [main] o.hibernate.type.BasicTypeRegistry - Adding type registration pg-uuid -> org.hibernate.type.BasicTypeReference@6bc25ac2
09:41:40.180 DEBUG [main] o.hibernate.type.BasicTypeRegistry - Adding type registration uuid-binary -> org.hibernate.type.BasicTypeReference@7b29cdea
09:41:40.180 DEBUG [main] o.hibernate.type.BasicTypeRegistry - Adding type registration uuid-char -> org.hibernate.type.BasicTypeReference@f08d676
09:41:40.180 DEBUG [main] o.hibernate.type.BasicTypeRegistry - Adding type registration class -> org.hibernate.type.BasicTypeReference@478089b6
09:41:40.180 DEBUG [main] o.hibernate.type.BasicTypeRegistry - Adding type registration java.lang.Class -> org.hibernate.type.BasicTypeReference@478089b6
09:41:40.180 DEBUG [main] o.hibernate.type.BasicTypeRegistry - Adding type registration currency -> org.hibernate.type.BasicTypeReference@72f35a31
09:41:40.180 DEBUG [main] o.hibernate.type.BasicTypeRegistry - Adding type registration Currency -> org.hibernate.type.BasicTypeReference@72f35a31
09:41:40.180 DEBUG [main] o.hibernate.type.BasicTypeRegistry - Adding type registration java.util.Currency -> org.hibernate.type.BasicTypeReference@72f35a31
09:41:40.180 DEBUG [main] o.hibernate.type.BasicTypeRegistry - Adding type registration locale -> org.hibernate.type.BasicTypeReference@3b01897f
09:41:40.180 DEBUG [main] o.hibernate.type.BasicTypeRegistry - Adding type registration java.util.Locale -> org.hibernate.type.BasicTypeReference@3b01897f
09:41:40.180 DEBUG [main] o.hibernate.type.BasicTypeRegistry - Adding type registration serializable -> org.hibernate.type.BasicTypeReference@6b3b2c34
09:41:40.180 DEBUG [main] o.hibernate.type.BasicTypeRegistry - Adding type registration java.io.Serializable -> org.hibernate.type.BasicTypeReference@6b3b2c34
09:41:40.180 DEBUG [main] o.hibernate.type.BasicTypeRegistry - Adding type registration timezone -> org.hibernate.type.BasicTypeReference@28b5d5dc
09:41:40.180 DEBUG [main] o.hibernate.type.BasicTypeRegistry - Adding type registration java.util.TimeZone -> org.hibernate.type.BasicTypeReference@28b5d5dc
09:41:40.180 DEBUG [main] o.hibernate.type.BasicTypeRegistry - Adding type registration ZoneOffset -> org.hibernate.type.BasicTypeReference@407f2029
09:41:40.180 DEBUG [main] o.hibernate.type.BasicTypeRegistry - Adding type registration java.time.ZoneOffset -> org.hibernate.type.BasicTypeReference@407f2029
09:41:40.180 DEBUG [main] o.hibernate.type.BasicTypeRegistry - Adding type registration url -> org.hibernate.type.BasicTypeReference@77020328
09:41:40.180 DEBUG [main] o.hibernate.type.BasicTypeRegistry - Adding type registration java.net.URL -> org.hibernate.type.BasicTypeReference@77020328
09:41:40.180 DEBUG [main] o.hibernate.type.BasicTypeRegistry - Adding type registration vector -> org.hibernate.type.BasicTypeReference@45eacb70
09:41:40.180 DEBUG [main] o.hibernate.type.BasicTypeRegistry - Adding type registration float_vector -> org.hibernate.type.BasicTypeReference@4377ed24
09:41:40.180 DEBUG [main] o.hibernate.type.BasicTypeRegistry - Adding type registration double_vector -> org.hibernate.type.BasicTypeReference@7a30e30b
09:41:40.180 DEBUG [main] o.hibernate.type.BasicTypeRegistry - Adding type registration byte_vector -> org.hibernate.type.BasicTypeReference@1dcca426
09:41:40.180 DEBUG [main] o.hibernate.type.BasicTypeRegistry - Adding type registration row_version -> org.hibernate.type.BasicTypeReference@e6e5da4
09:41:40.180 DEBUG [main] o.hibernate.type.BasicTypeRegistry - Adding type registration object -> org.hibernate.type.JavaObjectType@3eff6846
09:41:40.180 DEBUG [main] o.hibernate.type.BasicTypeRegistry - Adding type registration java.lang.Object -> org.hibernate.type.JavaObjectType@3eff6846
09:41:40.180 DEBUG [main] o.hibernate.type.BasicTypeRegistry - Adding type registration null -> org.hibernate.type.NullType@5e1d1524
09:41:40.180 DEBUG [main] o.hibernate.type.BasicTypeRegistry - Adding type registration imm_date -> org.hibernate.type.BasicTypeReference@537e8a15
09:41:40.180 DEBUG [main] o.hibernate.type.BasicTypeRegistry - Adding type registration imm_time -> org.hibernate.type.BasicTypeReference@71da2e9e
09:41:40.180 DEBUG [main] o.hibernate.type.BasicTypeRegistry - Adding type registration imm_timestamp -> org.hibernate.type.BasicTypeReference@19a71722
09:41:40.180 DEBUG [main] o.hibernate.type.BasicTypeRegistry - Adding type registration imm_calendar -> org.hibernate.type.BasicTypeReference@5e30ea7c
09:41:40.180 DEBUG [main] o.hibernate.type.BasicTypeRegistry - Adding type registration imm_calendar_date -> org.hibernate.type.BasicTypeReference@79b9ed8d
09:41:40.180 DEBUG [main] o.hibernate.type.BasicTypeRegistry - Adding type registration imm_calendar_time -> org.hibernate.type.BasicTypeReference@59b782fa
09:41:40.180 DEBUG [main] o.hibernate.type.BasicTypeRegistry - Adding type registration imm_binary -> org.hibernate.type.BasicTypeReference@788890e9
09:41:40.180 DEBUG [main] o.hibernate.type.BasicTypeRegistry - Adding type registration imm_serializable -> org.hibernate.type.BasicTypeReference@2132f68e
09:41:40.180 DEBUG [main] o.h.b.internal.BootstrapContextImpl - Injecting ScanEnvironment [org.hibernate.jpa.boot.internal.StandardJpaScanEnvironmentImpl@17d1b2a0] into BootstrapContext; was [null]
09:41:40.180 DEBUG [main] o.h.b.internal.BootstrapContextImpl - Injecting ScanOptions [org.hibernate.boot.archive.scan.internal.StandardScanOptions@729452f2] into BootstrapContext; was [org.hibernate.boot.archive.scan.internal.StandardScanOptions@4ea78b91]
09:41:40.185 DEBUG [main] o.h.b.internal.BootstrapContextImpl - Injecting JPA temp ClassLoader [null] into BootstrapContext; was [null]
09:41:40.185 DEBUG [main] o.h.b.internal.ClassLoaderAccessImpl - ClassLoaderAccessImpl#injectTempClassLoader(null) [was null]
09:41:40.185 WARN  [main] o.hibernate.orm.connections.pooling - HHH10001002: Using built-in connection pool (not intended for production use)
09:41:40.185 DEBUG [main] o.hibernate.orm.connections.pooling - Initializing Connection pool with 1 Connections
09:41:40.185 DEBUG [main] o.h.e.j.e.i.JdbcEnvironmentInitiator - Database ->
	   name : H2
	version : 2.3.232 (2024-08-11)
	  major : 2
	  minor : 3
09:41:40.185 DEBUG [main] o.h.e.j.e.i.JdbcEnvironmentInitiator - Driver ->
	   name : H2 JDBC Driver
	version : 2.3.232 (2024-08-11)
	  major : 2
	  minor : 3
09:41:40.185 DEBUG [main] o.h.e.j.e.i.JdbcEnvironmentInitiator - JDBC version : 4.3
09:41:40.188 DEBUG [main] org.hibernate.orm.dialect - HHH035001: Using dialect: org.hibernate.dialect.H2Dialect, version: 2.3.232
09:41:40.188 DEBUG [main] o.h.e.j.e.s.IdentifierHelperBuilder - JDBC driver metadata reported database stores quoted identifiers in neither upper, lower nor mixed case
09:41:40.189 INFO  [main] o.hibernate.orm.connections.pooling - HHH10001005: Database info:
	Database JDBC URL [jdbc:h2:mem:test;DB_CLOSE_DELAY=-1]
	Database driver: org.h2.Driver
	Database version: 2.3.232
	Autocommit mode: false
	Isolation level: undefined/unknown
	Minimum pool size: 1
	Maximum pool size: 20
09:41:40.189 DEBUG [main] o.h.t.d.jdbc.spi.JdbcTypeRegistry - addDescriptor(NCharTypeDescriptor) replaced previous registration(CharTypeDescriptor)
09:41:40.189 DEBUG [main] o.h.t.d.jdbc.spi.JdbcTypeRegistry - addDescriptor(NVarcharTypeDescriptor) replaced previous registration(VarcharTypeDescriptor)
09:41:40.189 DEBUG [main] o.h.t.d.jdbc.spi.JdbcTypeRegistry - addDescriptor(LongNVarcharTypeDescriptor) replaced previous registration(LongVarcharTypeDescriptor)
09:41:40.189 DEBUG [main] o.h.t.d.jdbc.spi.JdbcTypeRegistry - addDescriptor(NClobTypeDescriptor(DEFAULT)) replaced previous registration(ClobTypeDescriptor(DEFAULT))
09:41:40.189 DEBUG [main] o.h.t.d.jdbc.spi.JdbcTypeRegistry - addDescriptor(TimestampUtcDescriptor) replaced previous registration(TimestampUtcDescriptor)
09:41:40.189 DEBUG [main] o.hibernate.type.BasicTypeRegistry - Adding type registration org.hibernate.type.DurationType -> basicType@59(java.time.Duration,3015)
09:41:40.189 DEBUG [main] o.hibernate.type.BasicTypeRegistry - Adding type registration Duration -> basicType@59(java.time.Duration,3015)
09:41:40.189 DEBUG [main] o.hibernate.type.BasicTypeRegistry - Adding type registration java.time.Duration -> basicType@59(java.time.Duration,3015)
09:41:40.189 DEBUG [main] o.h.type.spi.TypeConfiguration$Scope - Scoping TypeConfiguration [org.hibernate.type.spi.TypeConfiguration@b13c600] to MetadataBuildingContext [org.hibernate.boot.internal.MetadataBuildingContextRootImpl@7ae5231c]
09:41:40.189 DEBUG [main] o.h.boot.model.relational.Namespace - Created database namespace [logicalName=Name{catalog=null, schema=null}, physicalName=Name{catalog=null, schema=null}]
09:41:40.189 DEBUG [main] o.h.boot.model.internal.EntityBinder - Binding entity from annotated class: org.hiero.bot.persistence.entity.RepoConfigEntity
09:41:40.189 DEBUG [main] o.h.boot.model.internal.EntityBinder - Import with entity name RepoConfigEntity
09:41:40.189 DEBUG [main] o.h.boot.model.internal.EntityBinder - Bind entity org.hiero.bot.persistence.entity.RepoConfigEntity on table repo_config
09:41:40.189 DEBUG [main] o.h.b.model.internal.AnnotatedColumn - Binding column: AnnotatedDiscriminatorColumn(column='DTYPE')
09:41:40.190 DEBUG [main] o.h.b.model.internal.AnnotatedColumn - Binding column: AnnotatedColumn()
09:41:40.190 DEBUG [main] o.h.b.internal.ClassLoaderAccessImpl - Not known whether passed class name [org.hiero.bot.persistence.entity.RepoConfigEntity] is safe
09:41:40.190 DEBUG [main] o.h.b.internal.ClassLoaderAccessImpl - No temp ClassLoader provided; using live ClassLoader for loading potentially unsafe class : org.hiero.bot.persistence.entity.RepoConfigEntity
09:41:40.190 DEBUG [main] o.h.b.model.internal.PropertyBinder - MetadataSourceProcessor property id with lazy=false
09:41:40.190 DEBUG [main] o.h.b.m.i.AbstractPropertyHolder - Attempting to locate auto-apply AttributeConverter for property [org.hiero.bot.persistence.entity.RepoConfigEntity:id]
09:41:40.190 DEBUG [main] o.h.b.m.internal.BasicValueBinder - building BasicValue for id
09:41:40.190 DEBUG [main] org.hibernate.mapping.BasicValue - Skipping column re-registration: repo_config.id
09:41:40.190 DEBUG [main] o.h.b.model.internal.PropertyBinder - Building property id
09:41:40.190 DEBUG [main] o.h.boot.model.internal.BinderHelper - #makeIdGenerator(BasicValue([Column(id)]), id, identity, , ...)
09:41:40.190 DEBUG [main] o.h.b.model.internal.AnnotatedColumn - Binding column: AnnotatedColumn(column='cmd_assign_pattern')
09:41:40.190 DEBUG [main] o.h.b.model.internal.PropertyBinder - MetadataSourceProcessor property cmdAssignPattern with lazy=false
09:41:40.190 DEBUG [main] o.h.b.m.i.AbstractPropertyHolder - Attempting to locate auto-apply AttributeConverter for property [org.hiero.bot.persistence.entity.RepoConfigEntity:cmdAssignPattern]
09:41:40.190 DEBUG [main] o.h.b.m.internal.BasicValueBinder - building BasicValue for cmdAssignPattern
09:41:40.190 DEBUG [main] org.hibernate.mapping.BasicValue - Skipping column re-registration: repo_config.cmd_assign_pattern
09:41:40.190 DEBUG [main] o.h.b.model.internal.PropertyBinder - Building property cmdAssignPattern
09:41:40.190 DEBUG [main] o.h.b.model.internal.AnnotatedColumn - Binding column: AnnotatedColumn(column='cmd_unassign_pattern')
09:41:40.190 DEBUG [main] o.h.b.model.internal.PropertyBinder - MetadataSourceProcessor property cmdUnassignPattern with lazy=false
09:41:40.190 DEBUG [main] o.h.b.m.i.AbstractPropertyHolder - Attempting to locate auto-apply AttributeConverter for property [org.hiero.bot.persistence.entity.RepoConfigEntity:cmdUnassignPattern]
09:41:40.190 DEBUG [main] o.h.b.m.internal.BasicValueBinder - building BasicValue for cmdUnassignPattern
09:41:40.190 DEBUG [main] org.hibernate.mapping.BasicValue - Skipping column re-registration: repo_config.cmd_unassign_pattern
09:41:40.190 DEBUG [main] o.h.b.model.internal.PropertyBinder - Building property cmdUnassignPattern
09:41:40.190 DEBUG [main] o.h.b.model.internal.AnnotatedColumn - Binding column: AnnotatedColumn(column='cmd_working_pattern')
09:41:40.190 DEBUG [main] o.h.b.model.internal.PropertyBinder - MetadataSourceProcessor property cmdWorkingPattern with lazy=false
09:41:40.190 DEBUG [main] o.h.b.m.i.AbstractPropertyHolder - Attempting to locate auto-apply AttributeConverter for property [org.hiero.bot.persistence.entity.RepoConfigEntity:cmdWorkingPattern]
09:41:40.190 DEBUG [main] o.h.b.m.internal.BasicValueBinder - building BasicValue for cmdWorkingPattern
09:41:40.190 DEBUG [main] org.hibernate.mapping.BasicValue - Skipping column re-registration: repo_config.cmd_working_pattern
09:41:40.190 DEBUG [main] o.h.b.model.internal.PropertyBinder - Building property cmdWorkingPattern
09:41:40.190 DEBUG [main] o.h.b.model.internal.AnnotatedColumn - Binding column: AnnotatedColumn(column='feat_assign_command')
09:41:40.190 DEBUG [main] o.h.b.model.internal.PropertyBinder - MetadataSourceProcessor property featAssignCommand with lazy=false
09:41:40.190 DEBUG [main] o.h.b.m.i.AbstractPropertyHolder - Attempting to locate auto-apply AttributeConverter for property [org.hiero.bot.persistence.entity.RepoConfigEntity:featAssignCommand]
09:41:40.190 DEBUG [main] o.h.b.m.internal.BasicValueBinder - building BasicValue for featAssignCommand
09:41:40.190 DEBUG [main] org.hibernate.mapping.BasicValue - Skipping column re-registration: repo_config.feat_assign_command
09:41:40.190 DEBUG [main] o.h.b.model.internal.PropertyBinder - Building property featAssignCommand
09:41:40.190 DEBUG [main] o.h.b.model.internal.AnnotatedColumn - Binding column: AnnotatedColumn(column='feat_community_call_reminder')
09:41:40.190 DEBUG [main] o.h.b.model.internal.PropertyBinder - MetadataSourceProcessor property featCommunityCallReminder with lazy=false
09:41:40.190 DEBUG [main] o.h.b.m.i.AbstractPropertyHolder - Attempting to locate auto-apply AttributeConverter for property [org.hiero.bot.persistence.entity.RepoConfigEntity:featCommunityCallReminder]
09:41:40.190 DEBUG [main] o.h.b.m.internal.BasicValueBinder - building BasicValue for featCommunityCallReminder
09:41:40.190 DEBUG [main] org.hibernate.mapping.BasicValue - Skipping column re-registration: repo_config.feat_community_call_reminder
09:41:40.190 DEBUG [main] o.h.b.model.internal.PropertyBinder - Building property featCommunityCallReminder
09:41:40.190 DEBUG [main] o.h.b.model.internal.AnnotatedColumn - Binding column: AnnotatedColumn(column='feat_gfi_candidate_notification')
09:41:40.190 DEBUG [main] o.h.b.model.internal.PropertyBinder - MetadataSourceProcessor property featGfiCandidateNotification with lazy=false
09:41:40.190 DEBUG [main] o.h.b.m.i.AbstractPropertyHolder - Attempting to locate auto-apply AttributeConverter for property [org.hiero.bot.persistence.entity.RepoConfigEntity:featGfiCandidateNotification]
09:41:40.190 DEBUG [main] o.h.b.m.internal.BasicValueBinder - building BasicValue for featGfiCandidateNotification
09:41:40.190 DEBUG [main] org.hibernate.mapping.BasicValue - Skipping column re-registration: repo_config.feat_gfi_candidate_notification
09:41:40.190 DEBUG [main] o.h.b.model.internal.PropertyBinder - Building property featGfiCandidateNotification
09:41:40.190 DEBUG [main] o.h.b.model.internal.AnnotatedColumn - Binding column: AnnotatedColumn(column='feat_inactivity_unassign')
09:41:40.190 DEBUG [main] o.h.b.model.internal.PropertyBinder - MetadataSourceProcessor property featInactivityUnassign with lazy=false
09:41:40.190 DEBUG [main] o.h.b.m.i.AbstractPropertyHolder - Attempting to locate auto-apply AttributeConverter for property [org.hiero.bot.persistence.entity.RepoConfigEntity:featInactivityUnassign]
09:41:40.190 DEBUG [main] o.h.b.m.internal.BasicValueBinder - building BasicValue for featInactivityUnassign
09:41:40.190 DEBUG [main] org.hibernate.mapping.BasicValue - Skipping column re-registration: repo_config.feat_inactivity_unassign
09:41:40.190 DEBUG [main] o.h.b.model.internal.PropertyBinder - Building property featInactivityUnassign
09:41:40.190 DEBUG [main] o.h.b.model.internal.AnnotatedColumn - Binding column: AnnotatedColumn(column='feat_issue_reminder_no_pr')
09:41:40.190 DEBUG [main] o.h.b.model.internal.PropertyBinder - MetadataSourceProcessor property featIssueReminderNoPr with lazy=false
09:41:40.190 DEBUG [main] o.h.b.m.i.AbstractPropertyHolder - Attempting to locate auto-apply AttributeConverter for property [org.hiero.bot.persistence.entity.RepoConfigEntity:featIssueReminderNoPr]
09:41:40.190 DEBUG [main] o.h.b.m.internal.BasicValueBinder - building BasicValue for featIssueReminderNoPr
09:41:40.190 DEBUG [main] org.hibernate.mapping.BasicValue - Skipping column re-registration: repo_config.feat_issue_reminder_no_pr
09:41:40.190 DEBUG [main] o.h.b.model.internal.PropertyBinder - Building property featIssueReminderNoPr
09:41:40.190 DEBUG [main] o.h.b.model.internal.AnnotatedColumn - Binding column: AnnotatedColumn(column='feat_linked_issue_enforcer')
09:41:40.190 DEBUG [main] o.h.b.model.internal.PropertyBinder - MetadataSourceProcessor property featLinkedIssueEnforcer with lazy=false
09:41:40.190 DEBUG [main] o.h.b.m.i.AbstractPropertyHolder - Attempting to locate auto-apply AttributeConverter for property [org.hiero.bot.persistence.entity.RepoConfigEntity:featLinkedIssueEnforcer]
09:41:40.190 DEBUG [main] o.h.b.m.internal.BasicValueBinder - building BasicValue for featLinkedIssueEnforcer
09:41:40.190 DEBUG [main] org.hibernate.mapping.BasicValue - Skipping column re-registration: repo_config.feat_linked_issue_enforcer
09:41:40.190 DEBUG [main] o.h.b.model.internal.PropertyBinder - Building property featLinkedIssueEnforcer
09:41:40.190 DEBUG [main] o.h.b.model.internal.AnnotatedColumn - Binding column: AnnotatedColumn(column='feat_merge_conflict')
09:41:40.190 DEBUG [main] o.h.b.model.internal.PropertyBinder - MetadataSourceProcessor property featMergeConflict with lazy=false
09:41:40.190 DEBUG [main] o.h.b.m.i.AbstractPropertyHolder - Attempting to locate auto-apply AttributeConverter for property [org.hiero.bot.persistence.entity.RepoConfigEntity:featMergeConflict]
09:41:40.190 DEBUG [main] o.h.b.m.internal.BasicValueBinder - building BasicValue for featMergeConflict
09:41:40.190 DEBUG [main] org.hibernate.mapping.BasicValue - Skipping column re-registration: repo_config.feat_merge_conflict
09:41:40.190 DEBUG [main] o.h.b.model.internal.PropertyBinder - Building property featMergeConflict
09:41:40.190 DEBUG [main] o.h.b.model.internal.AnnotatedColumn - Binding column: AnnotatedColumn(column='feat_missing_linked_issue')
09:41:40.190 DEBUG [main] o.h.b.model.internal.PropertyBinder - MetadataSourceProcessor property featMissingLinkedIssue with lazy=false
09:41:40.190 DEBUG [main] o.h.b.m.i.AbstractPropertyHolder - Attempting to locate auto-apply AttributeConverter for property [org.hiero.bot.persistence.entity.RepoConfigEntity:featMissingLinkedIssue]
09:41:40.190 DEBUG [main] o.h.b.m.internal.BasicValueBinder - building BasicValue for featMissingLinkedIssue
09:41:40.190 DEBUG [main] org.hibernate.mapping.BasicValue - Skipping column re-registration: repo_config.feat_missing_linked_issue
09:41:40.190 DEBUG [main] o.h.b.model.internal.PropertyBinder - Building property featMissingLinkedIssue
09:41:40.190 DEBUG [main] o.h.b.model.internal.AnnotatedColumn - Binding column: AnnotatedColumn(column='feat_next_issue_recommendation')
09:41:40.190 DEBUG [main] o.h.b.model.internal.PropertyBinder - MetadataSourceProcessor property featNextIssueRecommendation with lazy=false
09:41:40.190 DEBUG [main] o.h.b.m.i.AbstractPropertyHolder - Attempting to locate auto-apply AttributeConverter for property [org.hiero.bot.persistence.entity.RepoConfigEntity:featNextIssueRecommendation]
09:41:40.190 DEBUG [main] o.h.b.m.internal.BasicValueBinder - building BasicValue for featNextIssueRecommendation
09:41:40.190 DEBUG [main] org.hibernate.mapping.BasicValue - Skipping column re-registration: repo_config.feat_next_issue_recommendation
09:41:40.190 DEBUG [main] o.h.b.model.internal.PropertyBinder - Building property featNextIssueRecommendation
09:41:40.190 DEBUG [main] o.h.b.model.internal.AnnotatedColumn - Binding column: AnnotatedColumn(column='feat_office_hours_reminder')
09:41:40.190 DEBUG [main] o.h.b.model.internal.PropertyBinder - MetadataSourceProcessor property featOfficeHoursReminder with lazy=false
09:41:40.190 DEBUG [main] o.h.b.m.i.AbstractPropertyHolder - Attempting to locate auto-apply AttributeConverter for property [org.hiero.bot.persistence.entity.RepoConfigEntity:featOfficeHoursReminder]
09:41:40.190 DEBUG [main] o.h.b.m.internal.BasicValueBinder - building BasicValue for featOfficeHoursReminder
09:41:40.190 DEBUG [main] org.hibernate.mapping.BasicValue - Skipping column re-registration: repo_config.feat_office_hours_reminder
09:41:40.190 DEBUG [main] o.h.b.model.internal.PropertyBinder - Building property featOfficeHoursReminder
09:41:40.190 DEBUG [main] o.h.b.model.internal.AnnotatedColumn - Binding column: AnnotatedColumn(column='feat_pr_inactivity_reminder')
09:41:40.190 DEBUG [main] o.h.b.model.internal.PropertyBinder - MetadataSourceProcessor property featPrInactivityReminder with lazy=false
09:41:40.190 DEBUG [main] o.h.b.m.i.AbstractPropertyHolder - Attempting to locate auto-apply AttributeConverter for property [org.hiero.bot.persistence.entity.RepoConfigEntity:featPrInactivityReminder]
09:41:40.190 DEBUG [main] o.h.b.m.internal.BasicValueBinder - building BasicValue for featPrInactivityReminder
09:41:40.190 DEBUG [main] org.hibernate.mapping.BasicValue - Skipping column re-registration: repo_config.feat_pr_inactivity_reminder
09:41:40.190 DEBUG [main] o.h.b.model.internal.PropertyBinder - Building property featPrInactivityReminder
09:41:40.190 DEBUG [main] o.h.b.model.internal.AnnotatedColumn - Binding column: AnnotatedColumn(column='feat_unassign_command')
09:41:40.190 DEBUG [main] o.h.b.model.internal.PropertyBinder - MetadataSourceProcessor property featUnassignCommand with lazy=false
09:41:40.190 DEBUG [main] o.h.b.m.i.AbstractPropertyHolder - Attempting to locate auto-apply AttributeConverter for property [org.hiero.bot.persistence.entity.RepoConfigEntity:featUnassignCommand]
09:41:40.190 DEBUG [main] o.h.b.m.internal.BasicValueBinder - building BasicValue for featUnassignCommand
09:41:40.190 DEBUG [main] org.hibernate.mapping.BasicValue - Skipping column re-registration: repo_config.feat_unassign_command
09:41:40.190 DEBUG [main] o.h.b.model.internal.PropertyBinder - Building property featUnassignCommand
09:41:40.191 DEBUG [main] o.h.b.model.internal.AnnotatedColumn - Binding column: AnnotatedColumn(column='feat_verified_commits')
09:41:40.191 DEBUG [main] o.h.b.model.internal.PropertyBinder - MetadataSourceProcessor property featVerifiedCommits with lazy=false
09:41:40.191 DEBUG [main] o.h.b.m.i.AbstractPropertyHolder - Attempting to locate auto-apply AttributeConverter for property [org.hiero.bot.persistence.entity.RepoConfigEntity:featVerifiedCommits]
09:41:40.191 DEBUG [main] o.h.b.m.internal.BasicValueBinder - building BasicValue for featVerifiedCommits
09:41:40.191 DEBUG [main] org.hibernate.mapping.BasicValue - Skipping column re-registration: repo_config.feat_verified_commits
09:41:40.191 DEBUG [main] o.h.b.model.internal.PropertyBinder - Building property featVerifiedCommits
09:41:40.191 DEBUG [main] o.h.b.model.internal.AnnotatedColumn - Binding column: AnnotatedColumn(column='feat_workflow_failure_notification')
09:41:40.191 DEBUG [main] o.h.b.model.internal.PropertyBinder - MetadataSourceProcessor property featWorkflowFailureNotification with lazy=false
09:41:40.191 DEBUG [main] o.h.b.m.i.AbstractPropertyHolder - Attempting to locate auto-apply AttributeConverter for property [org.hiero.bot.persistence.entity.RepoConfigEntity:featWorkflowFailureNotification]
09:41:40.191 DEBUG [main] o.h.b.m.internal.BasicValueBinder - building BasicValue for featWorkflowFailureNotification
09:41:40.191 DEBUG [main] org.hibernate.mapping.BasicValue - Skipping column re-registration: repo_config.feat_workflow_failure_notification
09:41:40.191 DEBUG [main] o.h.b.model.internal.PropertyBinder - Building property featWorkflowFailureNotification
09:41:40.191 DEBUG [main] o.h.b.model.internal.AnnotatedColumn - Binding column: AnnotatedColumn(column='guard_advanced')
09:41:40.191 DEBUG [main] o.h.b.model.internal.PropertyBinder - MetadataSourceProcessor property guardAdvanced with lazy=false
09:41:40.191 DEBUG [main] o.h.b.m.i.AbstractPropertyHolder - Attempting to locate auto-apply AttributeConverter for property [org.hiero.bot.persistence.entity.RepoConfigEntity:guardAdvanced]
09:41:40.191 DEBUG [main] o.h.b.m.internal.BasicValueBinder - building BasicValue for guardAdvanced
09:41:40.191 DEBUG [main] org.hibernate.mapping.BasicValue - Skipping column re-registration: repo_config.guard_advanced
09:41:40.191 DEBUG [main] o.h.b.model.internal.PropertyBinder - Building property guardAdvanced
09:41:40.191 DEBUG [main] o.h.b.model.internal.AnnotatedColumn - Binding column: AnnotatedColumn(column='guard_beginner')
09:41:40.191 DEBUG [main] o.h.b.model.internal.PropertyBinder - MetadataSourceProcessor property guardBeginner with lazy=false
09:41:40.191 DEBUG [main] o.h.b.m.i.AbstractPropertyHolder - Attempting to locate auto-apply AttributeConverter for property [org.hiero.bot.persistence.entity.RepoConfigEntity:guardBeginner]
09:41:40.191 DEBUG [main] o.h.b.m.internal.BasicValueBinder - building BasicValue for guardBeginner
09:41:40.191 DEBUG [main] org.hibernate.mapping.BasicValue - Skipping column re-registration: repo_config.guard_beginner
09:41:40.191 DEBUG [main] o.h.b.model.internal.PropertyBinder - Building property guardBeginner
09:41:40.191 DEBUG [main] o.h.b.model.internal.AnnotatedColumn - Binding column: AnnotatedColumn(column='guard_gfi')
09:41:40.191 DEBUG [main] o.h.b.model.internal.PropertyBinder - MetadataSourceProcessor property guardGfi with lazy=false
09:41:40.191 DEBUG [main] o.h.b.m.i.AbstractPropertyHolder - Attempting to locate auto-apply AttributeConverter for property [org.hiero.bot.persistence.entity.RepoConfigEntity:guardGfi]
09:41:40.191 DEBUG [main] o.h.b.m.internal.BasicValueBinder - building BasicValue for guardGfi
09:41:40.191 DEBUG [main] org.hibernate.mapping.BasicValue - Skipping column re-registration: repo_config.guard_gfi
09:41:40.191 DEBUG [main] o.h.b.model.internal.PropertyBinder - Building property guardGfi
09:41:40.191 DEBUG [main] o.h.b.model.internal.AnnotatedColumn - Binding column: AnnotatedColumn(column='guard_intermediate')
09:41:40.191 DEBUG [main] o.h.b.model.internal.PropertyBinder - MetadataSourceProcessor property guardIntermediate with lazy=false
09:41:40.191 DEBUG [main] o.h.b.m.i.AbstractPropertyHolder - Attempting to locate auto-apply AttributeConverter for property [org.hiero.bot.persistence.entity.RepoConfigEntity:guardIntermediate]
09:41:40.191 DEBUG [main] o.h.b.m.internal.BasicValueBinder - building BasicValue for guardIntermediate
09:41:40.191 DEBUG [main] org.hibernate.mapping.BasicValue - Skipping column re-registration: repo_config.guard_intermediate
09:41:40.191 DEBUG [main] o.h.b.model.internal.PropertyBinder - Building property guardIntermediate
09:41:40.191 DEBUG [main] o.h.b.model.internal.AnnotatedColumn - Binding column: AnnotatedColumn(column='label_advanced')
09:41:40.191 DEBUG [main] o.h.b.model.internal.PropertyBinder - MetadataSourceProcessor property labelAdvanced with lazy=false
09:41:40.191 DEBUG [main] o.h.b.m.i.AbstractPropertyHolder - Attempting to locate auto-apply AttributeConverter for property [org.hiero.bot.persistence.entity.RepoConfigEntity:labelAdvanced]
09:41:40.191 DEBUG [main] o.h.b.m.internal.BasicValueBinder - building BasicValue for labelAdvanced
09:41:40.191 DEBUG [main] org.hibernate.mapping.BasicValue - Skipping column re-registration: repo_config.label_advanced
09:41:40.191 DEBUG [main] o.h.b.model.internal.PropertyBinder - Building property labelAdvanced
09:41:40.191 DEBUG [main] o.h.b.model.internal.AnnotatedColumn - Binding column: AnnotatedColumn(column='label_beginner')
09:41:40.191 DEBUG [main] o.h.b.model.internal.PropertyBinder - MetadataSourceProcessor property labelBeginner with lazy=false
09:41:40.191 DEBUG [main] o.h.b.m.i.AbstractPropertyHolder - Attempting to locate auto-apply AttributeConverter for property [org.hiero.bot.persistence.entity.RepoConfigEntity:labelBeginner]
09:41:40.191 DEBUG [main] o.h.b.m.internal.BasicValueBinder - building BasicValue for labelBeginner
09:41:40.191 DEBUG [main] org.hibernate.mapping.BasicValue - Skipping column re-registration: repo_config.label_beginner
09:41:40.191 DEBUG [main] o.h.b.model.internal.PropertyBinder - Building property labelBeginner
09:41:40.191 DEBUG [main] o.h.b.model.internal.AnnotatedColumn - Binding column: AnnotatedColumn(column='label_gfi')
09:41:40.191 DEBUG [main] o.h.b.model.internal.PropertyBinder - MetadataSourceProcessor property labelGfi with lazy=false
09:41:40.191 DEBUG [main] o.h.b.m.i.AbstractPropertyHolder - Attempting to locate auto-apply AttributeConverter for property [org.hiero.bot.persistence.entity.RepoConfigEntity:labelGfi]
09:41:40.191 DEBUG [main] o.h.b.m.internal.BasicValueBinder - building BasicValue for labelGfi
09:41:40.191 DEBUG [main] org.hibernate.mapping.BasicValue - Skipping column re-registration: repo_config.label_gfi
09:41:40.191 DEBUG [main] o.h.b.model.internal.PropertyBinder - Building property labelGfi
09:41:40.191 DEBUG [main] o.h.b.model.internal.AnnotatedColumn - Binding column: AnnotatedColumn(column='label_gfi_candidate')
09:41:40.191 DEBUG [main] o.h.b.model.internal.PropertyBinder - MetadataSourceProcessor property labelGfiCandidate with lazy=false
09:41:40.191 DEBUG [main] o.h.b.m.i.AbstractPropertyHolder - Attempting to locate auto-apply AttributeConverter for property [org.hiero.bot.persistence.entity.RepoConfigEntity:labelGfiCandidate]
09:41:40.191 DEBUG [main] o.h.b.m.internal.BasicValueBinder - building BasicValue for labelGfiCandidate
09:41:40.191 DEBUG [main] org.hibernate.mapping.BasicValue - Skipping column re-registration: repo_config.label_gfi_candidate
09:41:40.191 DEBUG [main] o.h.b.model.internal.PropertyBinder - Building property labelGfiCandidate
09:41:40.191 DEBUG [main] o.h.b.model.internal.AnnotatedColumn - Binding column: AnnotatedColumn(column='label_intermediate')
09:41:40.191 DEBUG [main] o.h.b.model.internal.PropertyBinder - MetadataSourceProcessor property labelIntermediate with lazy=false
09:41:40.191 DEBUG [main] o.h.b.m.i.AbstractPropertyHolder - Attempting to locate auto-apply AttributeConverter for property [org.hiero.bot.persistence.entity.RepoConfigEntity:labelIntermediate]
09:41:40.191 DEBUG [main] o.h.b.m.internal.BasicValueBinder - building BasicValue for labelIntermediate
09:41:40.191 DEBUG [main] org.hibernate.mapping.BasicValue - Skipping column re-registration: repo_config.label_intermediate
09:41:40.191 DEBUG [main] o.h.b.model.internal.PropertyBinder - Building property labelIntermediate
09:41:40.192 DEBUG [main] o.h.b.model.internal.AnnotatedColumn - Binding column: AnnotatedColumn(column='marker_advanced_guard')
09:41:40.192 DEBUG [main] o.h.b.model.internal.PropertyBinder - MetadataSourceProcessor property markerAdvancedGuard with lazy=false
09:41:40.192 DEBUG [main] o.h.b.m.i.AbstractPropertyHolder - Attempting to locate auto-apply AttributeConverter for property [org.hiero.bot.persistence.entity.RepoConfigEntity:markerAdvancedGuard]
09:41:40.192 DEBUG [main] o.h.b.m.internal.BasicValueBinder - building BasicValue for markerAdvancedGuard
09:41:40.192 DEBUG [main] org.hibernate.mapping.BasicValue - Skipping column re-registration: repo_config.marker_advanced_guard
09:41:40.192 DEBUG [main] o.h.b.model.internal.PropertyBinder - Building property markerAdvancedGuard
09:41:40.192 DEBUG [main] o.h.b.model.internal.AnnotatedColumn - Binding column: AnnotatedColumn(column='marker_beginner_gfi_guard')
09:41:40.192 DEBUG [main] o.h.b.model.internal.PropertyBinder - MetadataSourceProcessor property markerBeginnerGfiGuard with lazy=false
09:41:40.192 DEBUG [main] o.h.b.m.i.AbstractPropertyHolder - Attempting to locate auto-apply AttributeConverter for property [org.hiero.bot.persistence.entity.RepoConfigEntity:markerBeginnerGfiGuard]
09:41:40.192 DEBUG [main] o.h.b.m.internal.BasicValueBinder - building BasicValue for markerBeginnerGfiGuard
09:41:40.192 DEBUG [main] org.hibernate.mapping.BasicValue - Skipping column re-registration: repo_config.marker_beginner_gfi_guard
09:41:40.192 DEBUG [main] o.h.b.model.internal.PropertyBinder - Building property markerBeginnerGfiGuard
09:41:40.192 DEBUG [main] o.h.b.model.internal.AnnotatedColumn - Binding column: AnnotatedColumn(column='marker_beginner_reminder')
09:41:40.192 DEBUG [main] o.h.b.model.internal.PropertyBinder - MetadataSourceProcessor property markerBeginnerReminder with lazy=false
09:41:40.192 DEBUG [main] o.h.b.m.i.AbstractPropertyHolder - Attempting to locate auto-apply AttributeConverter for property [org.hiero.bot.persistence.entity.RepoConfigEntity:markerBeginnerReminder]
09:41:40.192 DEBUG [main] o.h.b.m.internal.BasicValueBinder - building BasicValue for markerBeginnerReminder
09:41:40.192 DEBUG [main] org.hibernate.mapping.BasicValue - Skipping column re-registration: repo_config.marker_beginner_reminder
09:41:40.192 DEBUG [main] o.h.b.model.internal.PropertyBinder - Building property markerBeginnerReminder
09:41:40.192 DEBUG [main] o.h.b.model.internal.AnnotatedColumn - Binding column: AnnotatedColumn(column='marker_community_call_reminder')
09:41:40.192 DEBUG [main] o.h.b.model.internal.PropertyBinder - MetadataSourceProcessor property markerCommunityCallReminder with lazy=false
09:41:40.192 DEBUG [main] o.h.b.m.i.AbstractPropertyHolder - Attempting to locate auto-apply AttributeConverter for property [org.hiero.bot.persistence.entity.RepoConfigEntity:markerCommunityCallReminder]
09:41:40.192 DEBUG [main] o.h.b.m.internal.BasicValueBinder - building BasicValue for markerCommunityCallReminder
09:41:40.192 DEBUG [main] org.hibernate.mapping.BasicValue - Skipping column re-registration: repo_config.marker_community_call_reminder
09:41:40.192 DEBUG [main] o.h.b.model.internal.PropertyBinder - Building property markerCommunityCallReminder
09:41:40.192 DEBUG [main] o.h.b.model.internal.AnnotatedColumn - Binding column: AnnotatedColumn(column='marker_gfi_candidate_notification')
09:41:40.192 DEBUG [main] o.h.b.model.internal.PropertyBinder - MetadataSourceProcessor property markerGfiCandidateNotification with lazy=false
09:41:40.192 DEBUG [main] o.h.b.m.i.AbstractPropertyHolder - Attempting to locate auto-apply AttributeConverter for property [org.hiero.bot.persistence.entity.RepoConfigEntity:markerGfiCandidateNotification]
09:41:40.192 DEBUG [main] o.h.b.m.internal.BasicValueBinder - building BasicValue for markerGfiCandidateNotification
09:41:40.192 DEBUG [main] org.hibernate.mapping.BasicValue - Skipping column re-registration: repo_config.marker_gfi_candidate_notification
09:41:40.192 DEBUG [main] o.h.b.model.internal.PropertyBinder - Building property markerGfiCandidateNotification
09:41:40.192 DEBUG [main] o.h.b.model.internal.AnnotatedColumn - Binding column: AnnotatedColumn(column='marker_gfi_reminder')
09:41:40.192 DEBUG [main] o.h.b.model.internal.PropertyBinder - MetadataSourceProcessor property markerGfiReminder with lazy=false
09:41:40.192 DEBUG [main] o.h.b.m.i.AbstractPropertyHolder - Attempting to locate auto-apply AttributeConverter for property [org.hiero.bot.persistence.entity.RepoConfigEntity:markerGfiReminder]
09:41:40.192 DEBUG [main] o.h.b.m.internal.BasicValueBinder - building BasicValue for markerGfiReminder
09:41:40.192 DEBUG [main] org.hibernate.mapping.BasicValue - Skipping column re-registration: repo_config.marker_gfi_reminder
09:41:40.192 DEBUG [main] o.h.b.model.internal.PropertyBinder - Building property markerGfiReminder
09:41:40.192 DEBUG [main] o.h.b.model.internal.AnnotatedColumn - Binding column: AnnotatedColumn(column='marker_inactivity_unassign')
09:41:40.192 DEBUG [main] o.h.b.model.internal.PropertyBinder - MetadataSourceProcessor property markerInactivityUnassign with lazy=false
09:41:40.192 DEBUG [main] o.h.b.m.i.AbstractPropertyHolder - Attempting to locate auto-apply AttributeConverter for property [org.hiero.bot.persistence.entity.RepoConfigEntity:markerInactivityUnassign]
09:41:40.192 DEBUG [main] o.h.b.m.internal.BasicValueBinder - building BasicValue for markerInactivityUnassign
09:41:40.192 DEBUG [main] org.hibernate.mapping.BasicValue - Skipping column re-registration: repo_config.marker_inactivity_unassign
09:41:40.192 DEBUG [main] o.h.b.model.internal.PropertyBinder - Building property markerInactivityUnassign
09:41:40.192 DEBUG [main] o.h.b.model.internal.AnnotatedColumn - Binding column: AnnotatedColumn(column='marker_intermediate_guard')
09:41:40.192 DEBUG [main] o.h.b.model.internal.PropertyBinder - MetadataSourceProcessor property markerIntermediateGuard with lazy=false
09:41:40.192 DEBUG [main] o.h.b.m.i.AbstractPropertyHolder - Attempting to locate auto-apply AttributeConverter for property [org.hiero.bot.persistence.entity.RepoConfigEntity:markerIntermediateGuard]
09:41:40.192 DEBUG [main] o.h.b.m.internal.BasicValueBinder - building BasicValue for markerIntermediateGuard
09:41:40.192 DEBUG [main] org.hibernate.mapping.BasicValue - Skipping column re-registration: repo_config.marker_intermediate_guard
09:41:40.192 DEBUG [main] o.h.b.model.internal.PropertyBinder - Building property markerIntermediateGuard
09:41:40.192 DEBUG [main] o.h.b.model.internal.AnnotatedColumn - Binding column: AnnotatedColumn(column='marker_issue_reminder_no_pr')
09:41:40.192 DEBUG [main] o.h.b.model.internal.PropertyBinder - MetadataSourceProcessor property markerIssueReminderNoPr with lazy=false
09:41:40.192 DEBUG [main] o.h.b.m.i.AbstractPropertyHolder - Attempting to locate auto-apply AttributeConverter for property [org.hiero.bot.persistence.entity.RepoConfigEntity:markerIssueReminderNoPr]
09:41:40.192 DEBUG [main] o.h.b.m.internal.BasicValueBinder - building BasicValue for markerIssueReminderNoPr
09:41:40.192 DEBUG [main] org.hibernate.mapping.BasicValue - Skipping column re-registration: repo_config.marker_issue_reminder_no_pr
09:41:40.192 DEBUG [main] o.h.b.model.internal.PropertyBinder - Building property markerIssueReminderNoPr
09:41:40.192 DEBUG [main] o.h.b.model.internal.AnnotatedColumn - Binding column: AnnotatedColumn(column='marker_linked_issue_enforcer')
09:41:40.192 DEBUG [main] o.h.b.model.internal.PropertyBinder - MetadataSourceProcessor property markerLinkedIssueEnforcer with lazy=false
09:41:40.192 DEBUG [main] o.h.b.m.i.AbstractPropertyHolder - Attempting to locate auto-apply AttributeConverter for property [org.hiero.bot.persistence.entity.RepoConfigEntity:markerLinkedIssueEnforcer]
09:41:40.192 DEBUG [main] o.h.b.m.internal.BasicValueBinder - building BasicValue for markerLinkedIssueEnforcer
09:41:40.192 DEBUG [main] org.hibernate.mapping.BasicValue - Skipping column re-registration: repo_config.marker_linked_issue_enforcer
09:41:40.192 DEBUG [main] o.h.b.model.internal.PropertyBinder - Building property markerLinkedIssueEnforcer
09:41:40.192 DEBUG [main] o.h.b.model.internal.AnnotatedColumn - Binding column: AnnotatedColumn(column='marker_mentor_assignment')
09:41:40.192 DEBUG [main] o.h.b.model.internal.PropertyBinder - MetadataSourceProcessor property markerMentorAssignment with lazy=false
09:41:40.192 DEBUG [main] o.h.b.m.i.AbstractPropertyHolder - Attempting to locate auto-apply AttributeConverter for property [org.hiero.bot.persistence.entity.RepoConfigEntity:markerMentorAssignment]
09:41:40.192 DEBUG [main] o.h.b.m.internal.BasicValueBinder - building BasicValue for markerMentorAssignment
09:41:40.192 DEBUG [main] org.hibernate.mapping.BasicValue - Skipping column re-registration: repo_config.marker_mentor_assignment
09:41:40.192 DEBUG [main] o.h.b.model.internal.PropertyBinder - Building property markerMentorAssignment
09:41:40.192 DEBUG [main] o.h.b.model.internal.AnnotatedColumn - Binding column: AnnotatedColumn(column='marker_merge_conflict')
09:41:40.192 DEBUG [main] o.h.b.model.internal.PropertyBinder - MetadataSourceProcessor property markerMergeConflict with lazy=false
09:41:40.192 DEBUG [main] o.h.b.m.i.AbstractPropertyHolder - Attempting to locate auto-apply AttributeConverter for property [org.hiero.bot.persistence.entity.RepoConfigEntity:markerMergeConflict]
09:41:40.192 DEBUG [main] o.h.b.m.internal.BasicValueBinder - building BasicValue for markerMergeConflict
09:41:40.192 DEBUG [main] org.hibernate.mapping.BasicValue - Skipping column re-registration: repo_config.marker_merge_conflict
09:41:40.192 DEBUG [main] o.h.b.model.internal.PropertyBinder - Building property markerMergeConflict
09:41:40.192 DEBUG [main] o.h.b.model.internal.AnnotatedColumn - Binding column: AnnotatedColumn(column='marker_missing_linked_issue')
09:41:40.192 DEBUG [main] o.h.b.model.internal.PropertyBinder - MetadataSourceProcessor property markerMissingLinkedIssue with lazy=false
09:41:40.192 DEBUG [main] o.h.b.m.i.AbstractPropertyHolder - Attempting to locate auto-apply AttributeConverter for property [org.hiero.bot.persistence.entity.RepoConfigEntity:markerMissingLinkedIssue]
09:41:40.192 DEBUG [main] o.h.b.m.internal.BasicValueBinder - building BasicValue for markerMissingLinkedIssue
09:41:40.192 DEBUG [main] org.hibernate.mapping.BasicValue - Skipping column re-registration: repo_config.marker_missing_linked_issue
09:41:40.192 DEBUG [main] o.h.b.model.internal.PropertyBinder - Building property markerMissingLinkedIssue
09:41:40.192 DEBUG [main] o.h.b.model.internal.AnnotatedColumn - Binding column: AnnotatedColumn(column='marker_next_issue_recommendation')
09:41:40.192 DEBUG [main] o.h.b.model.internal.PropertyBinder - MetadataSourceProcessor property markerNextIssueRecommendation with lazy=false
09:41:40.192 DEBUG [main] o.h.b.m.i.AbstractPropertyHolder - Attempting to locate auto-apply AttributeConverter for property [org.hiero.bot.persistence.entity.RepoConfigEntity:markerNextIssueRecommendation]
09:41:40.192 DEBUG [main] o.h.b.m.internal.BasicValueBinder - building BasicValue for markerNextIssueRecommendation
09:41:40.192 DEBUG [main] org.hibernate.mapping.BasicValue - Skipping column re-registration: repo_config.marker_next_issue_recommendation
09:41:40.192 DEBUG [main] o.h.b.model.internal.PropertyBinder - Building property markerNextIssueRecommendation
09:41:40.192 DEBUG [main] o.h.b.model.internal.AnnotatedColumn - Binding column: AnnotatedColumn(column='marker_office_hours_reminder')
09:41:40.192 DEBUG [main] o.h.b.model.internal.PropertyBinder - MetadataSourceProcessor property markerOfficeHoursReminder with lazy=false
09:41:40.192 DEBUG [main] o.h.b.m.i.AbstractPropertyHolder - Attempting to locate auto-apply AttributeConverter for property [org.hiero.bot.persistence.entity.RepoConfigEntity:markerOfficeHoursReminder]
09:41:40.192 DEBUG [main] o.h.b.m.internal.BasicValueBinder - building BasicValue for markerOfficeHoursReminder
09:41:40.192 DEBUG [main] org.hibernate.mapping.BasicValue - Skipping column re-registration: repo_config.marker_office_hours_reminder
09:41:40.192 DEBUG [main] o.h.b.model.internal.PropertyBinder - Building property markerOfficeHoursReminder
09:41:40.192 DEBUG [main] o.h.b.model.internal.AnnotatedColumn - Binding column: AnnotatedColumn(column='marker_pr_inactivity_reminder')
09:41:40.192 DEBUG [main] o.h.b.model.internal.PropertyBinder - MetadataSourceProcessor property markerPrInactivityReminder with lazy=false
09:41:40.192 DEBUG [main] o.h.b.m.i.AbstractPropertyHolder - Attempting to locate auto-apply AttributeConverter for property [org.hiero.bot.persistence.entity.RepoConfigEntity:markerPrInactivityReminder]
09:41:40.192 DEBUG [main] o.h.b.m.internal.BasicValueBinder - building BasicValue for markerPrInactivityReminder
09:41:40.192 DEBUG [main] org.hibernate.mapping.BasicValue - Skipping column re-registration: repo_config.marker_pr_inactivity_reminder
09:41:40.192 DEBUG [main] o.h.b.model.internal.PropertyBinder - Building property markerPrInactivityReminder
09:41:40.192 DEBUG [main] o.h.b.model.internal.AnnotatedColumn - Binding column: AnnotatedColumn(column='marker_unassign_prefix')
09:41:40.192 DEBUG [main] o.h.b.model.internal.PropertyBinder - MetadataSourceProcessor property markerUnassignPrefix with lazy=false
09:41:40.192 DEBUG [main] o.h.b.m.i.AbstractPropertyHolder - Attempting to locate auto-apply AttributeConverter for property [org.hiero.bot.persistence.entity.RepoConfigEntity:markerUnassignPrefix]
09:41:40.192 DEBUG [main] o.h.b.m.internal.BasicValueBinder - building BasicValue for markerUnassignPrefix
09:41:40.192 DEBUG [main] org.hibernate.mapping.BasicValue - Skipping column re-registration: repo_config.marker_unassign_prefix
09:41:40.192 DEBUG [main] o.h.b.model.internal.PropertyBinder - Building property markerUnassignPrefix
09:41:40.192 DEBUG [main] o.h.b.model.internal.AnnotatedColumn - Binding column: AnnotatedColumn(column='marker_verified_commits')
09:41:40.192 DEBUG [main] o.h.b.model.internal.PropertyBinder - MetadataSourceProcessor property markerVerifiedCommits with lazy=false
09:41:40.192 DEBUG [main] o.h.b.m.i.AbstractPropertyHolder - Attempting to locate auto-apply AttributeConverter for property [org.hiero.bot.persistence.entity.RepoConfigEntity:markerVerifiedCommits]
09:41:40.192 DEBUG [main] o.h.b.m.internal.BasicValueBinder - building BasicValue for markerVerifiedCommits
09:41:40.192 DEBUG [main] org.hibernate.mapping.BasicValue - Skipping column re-registration: repo_config.marker_verified_commits
09:41:40.192 DEBUG [main] o.h.b.model.internal.PropertyBinder - Building property markerVerifiedCommits
09:41:40.192 DEBUG [main] o.h.b.model.internal.AnnotatedColumn - Binding column: AnnotatedColumn(column='marker_workflow_failure_notification')
09:41:40.192 DEBUG [main] o.h.b.model.internal.PropertyBinder - MetadataSourceProcessor property markerWorkflowFailureNotification with lazy=false
09:41:40.192 DEBUG [main] o.h.b.m.i.AbstractPropertyHolder - Attempting to locate auto-apply AttributeConverter for property [org.hiero.bot.persistence.entity.RepoConfigEntity:markerWorkflowFailureNotification]
09:41:40.192 DEBUG [main] o.h.b.m.internal.BasicValueBinder - building BasicValue for markerWorkflowFailureNotification
09:41:40.192 DEBUG [main] org.hibernate.mapping.BasicValue - Skipping column re-registration: repo_config.marker_workflow_failure_notification
09:41:40.192 DEBUG [main] o.h.b.model.internal.PropertyBinder - Building property markerWorkflowFailureNotification
09:41:40.192 DEBUG [main] o.h.b.model.internal.AnnotatedColumn - Binding column: AnnotatedColumn(column='normal_user_max')
09:41:40.192 DEBUG [main] o.h.b.model.internal.PropertyBinder - MetadataSourceProcessor property normalUserMax with lazy=false
09:41:40.192 DEBUG [main] o.h.b.m.i.AbstractPropertyHolder - Attempting to locate auto-apply AttributeConverter for property [org.hiero.bot.persistence.entity.RepoConfigEntity:normalUserMax]
09:41:40.192 DEBUG [main] o.h.b.m.internal.BasicValueBinder - building BasicValue for normalUserMax
09:41:40.192 DEBUG [main] org.hibernate.mapping.BasicValue - Skipping column re-registration: repo_config.normal_user_max
09:41:40.192 DEBUG [main] o.h.b.model.internal.PropertyBinder - Building property normalUserMax
09:41:40.192 DEBUG [main] o.h.b.model.internal.AnnotatedColumn - Binding column: AnnotatedColumn(column='repo_full_name')
09:41:40.192 DEBUG [main] o.h.b.model.internal.PropertyBinder - MetadataSourceProcessor property repoFullName with lazy=false
09:41:40.192 DEBUG [main] o.h.b.m.i.AbstractPropertyHolder - Attempting to locate auto-apply AttributeConverter for property [org.hiero.bot.persistence.entity.RepoConfigEntity:repoFullName]
09:41:40.192 DEBUG [main] o.h.b.m.internal.BasicValueBinder - building BasicValue for repoFullName
09:41:40.192 DEBUG [main] org.hibernate.mapping.BasicValue - Skipping column re-registration: repo_config.repo_full_name
09:41:40.192 DEBUG [main] o.h.b.model.internal.PropertyBinder - Building property repoFullName
09:41:40.192 DEBUG [main] o.h.b.model.internal.AnnotatedColumn - Binding column: AnnotatedColumn(column='repo_id')
09:41:40.192 DEBUG [main] o.h.b.model.internal.PropertyBinder - MetadataSourceProcessor property repoId with lazy=false
09:41:40.192 DEBUG [main] o.h.b.m.i.AbstractPropertyHolder - Attempting to locate auto-apply AttributeConverter for property [org.hiero.bot.persistence.entity.RepoConfigEntity:repoId]
09:41:40.192 DEBUG [main] o.h.b.m.internal.BasicValueBinder - building BasicValue for repoId
09:41:40.192 DEBUG [main] org.hibernate.mapping.BasicValue - Skipping column re-registration: repo_config.repo_id
09:41:40.192 DEBUG [main] o.h.b.model.internal.PropertyBinder - Building property repoId
09:41:40.192 DEBUG [main] o.h.b.model.internal.AnnotatedColumn - Binding column: AnnotatedColumn(column='sched_cc_anchor_date')
09:41:40.192 DEBUG [main] o.h.b.model.internal.PropertyBinder - MetadataSourceProcessor property schedCcAnchorDate with lazy=false
09:41:40.192 DEBUG [main] o.h.b.m.i.AbstractPropertyHolder - Attempting to locate auto-apply AttributeConverter for property [org.hiero.bot.persistence.entity.RepoConfigEntity:schedCcAnchorDate]
09:41:40.192 DEBUG [main] o.h.b.m.internal.BasicValueBinder - building BasicValue for schedCcAnchorDate
09:41:40.192 DEBUG [main] org.hibernate.mapping.BasicValue - Skipping column re-registration: repo_config.sched_cc_anchor_date
09:41:40.192 DEBUG [main] o.h.b.model.internal.PropertyBinder - Building property schedCcAnchorDate
09:41:40.192 DEBUG [main] o.h.b.model.internal.AnnotatedColumn - Binding column: AnnotatedColumn(column='sched_cc_calendar_link')
09:41:40.192 DEBUG [main] o.h.b.model.internal.PropertyBinder - MetadataSourceProcessor property schedCcCalendarLink with lazy=false
09:41:40.192 DEBUG [main] o.h.b.m.i.AbstractPropertyHolder - Attempting to locate auto-apply AttributeConverter for property [org.hiero.bot.persistence.entity.RepoConfigEntity:schedCcCalendarLink]
09:41:40.192 DEBUG [main] o.h.b.m.internal.BasicValueBinder - building BasicValue for schedCcCalendarLink
09:41:40.192 DEBUG [main] org.hibernate.mapping.BasicValue - Skipping column re-registration: repo_config.sched_cc_calendar_link
09:41:40.192 DEBUG [main] o.h.b.model.internal.PropertyBinder - Building property schedCcCalendarLink
09:41:40.193 DEBUG [main] o.h.b.model.internal.AnnotatedColumn - Binding column: AnnotatedColumn(column='cancelled_date')
09:41:40.193 DEBUG [main] o.h.b.model.internal.AnnotatedColumn - Binding column: AnnotatedJoinColumn()
09:41:40.193 DEBUG [main] o.h.b.model.internal.AnnotatedColumn - Binding column: IndexColumn(column='schedCcCancelledDates_ORDER')
09:41:40.193 DEBUG [main] o.h.b.model.internal.AnnotatedColumn - Binding column: AnnotatedColumn(column='cancelled_date')
09:41:40.193 DEBUG [main] o.h.b.model.internal.AnnotatedColumn - Binding column: AnnotatedColumn(column='schedCcCancelledDates_KEY')
09:41:40.193 DEBUG [main] o.h.b.model.internal.AnnotatedColumn - Binding column: AnnotatedJoinColumn(column='schedCcCancelledDates_KEY')
09:41:40.193 DEBUG [main] o.h.b.model.internal.AnnotatedColumn - Binding column: AnnotatedJoinColumn(column='repo_config_id')
09:41:40.193 DEBUG [main] o.h.b.model.internal.AnnotatedColumn - Binding column: AnnotatedJoinColumn()
09:41:40.193 DEBUG [main] o.h.b.m.internal.CollectionBinder - Collection role: org.hiero.bot.persistence.entity.RepoConfigEntity.schedCcCancelledDates
09:41:40.193 DEBUG [main] o.h.b.model.internal.PropertyBinder - Building property schedCcCancelledDates
09:41:40.193 DEBUG [main] o.h.b.model.internal.AnnotatedColumn - Binding column: AnnotatedColumn(column='excluded_author')
09:41:40.193 DEBUG [main] o.h.b.model.internal.AnnotatedColumn - Binding column: AnnotatedJoinColumn()
09:41:40.193 DEBUG [main] o.h.b.model.internal.AnnotatedColumn - Binding column: IndexColumn(column='schedCcExcludedAuthors_ORDER')
09:41:40.193 DEBUG [main] o.h.b.model.internal.AnnotatedColumn - Binding column: AnnotatedColumn(column='excluded_author')
09:41:40.193 DEBUG [main] o.h.b.model.internal.AnnotatedColumn - Binding column: AnnotatedColumn(column='schedCcExcludedAuthors_KEY')
09:41:40.193 DEBUG [main] o.h.b.model.internal.AnnotatedColumn - Binding column: AnnotatedJoinColumn(column='schedCcExcludedAuthors_KEY')
09:41:40.193 DEBUG [main] o.h.b.model.internal.AnnotatedColumn - Binding column: AnnotatedJoinColumn(column='repo_config_id')
09:41:40.193 DEBUG [main] o.h.b.model.internal.AnnotatedColumn - Binding column: AnnotatedJoinColumn()
09:41:40.193 DEBUG [main] o.h.b.m.internal.CollectionBinder - Collection role: org.hiero.bot.persistence.entity.RepoConfigEntity.schedCcExcludedAuthors
09:41:40.193 DEBUG [main] o.h.b.model.internal.PropertyBinder - Building property schedCcExcludedAuthors
09:41:40.193 DEBUG [main] o.h.b.model.internal.AnnotatedColumn - Binding column: AnnotatedColumn(column='sched_cc_meeting_link')
09:41:40.193 DEBUG [main] o.h.b.model.internal.PropertyBinder - MetadataSourceProcessor property schedCcMeetingLink with lazy=false
09:41:40.193 DEBUG [main] o.h.b.m.i.AbstractPropertyHolder - Attempting to locate auto-apply AttributeConverter for property [org.hiero.bot.persistence.entity.RepoConfigEntity:schedCcMeetingLink]
09:41:40.193 DEBUG [main] o.h.b.m.internal.BasicValueBinder - building BasicValue for schedCcMeetingLink
09:41:40.193 DEBUG [main] org.hibernate.mapping.BasicValue - Skipping column re-registration: repo_config.sched_cc_meeting_link
09:41:40.193 DEBUG [main] o.h.b.model.internal.PropertyBinder - Building property schedCcMeetingLink
09:41:40.193 DEBUG [main] o.h.b.model.internal.AnnotatedColumn - Binding column: AnnotatedColumn(column='sched_inactivity_days')
09:41:40.193 DEBUG [main] o.h.b.model.internal.PropertyBinder - MetadataSourceProcessor property schedInactivityDays with lazy=false
09:41:40.193 DEBUG [main] o.h.b.m.i.AbstractPropertyHolder - Attempting to locate auto-apply AttributeConverter for property [org.hiero.bot.persistence.entity.RepoConfigEntity:schedInactivityDays]
09:41:40.193 DEBUG [main] o.h.b.m.internal.BasicValueBinder - building BasicValue for schedInactivityDays
09:41:40.193 DEBUG [main] org.hibernate.mapping.BasicValue - Skipping column re-registration: repo_config.sched_inactivity_days
09:41:40.193 DEBUG [main] o.h.b.model.internal.PropertyBinder - Building property schedInactivityDays
09:41:40.193 DEBUG [main] o.h.b.model.internal.AnnotatedColumn - Binding column: AnnotatedColumn(column='sched_issue_reminder_days')
09:41:40.193 DEBUG [main] o.h.b.model.internal.PropertyBinder - MetadataSourceProcessor property schedIssueReminderDays with lazy=false
09:41:40.193 DEBUG [main] o.h.b.m.i.AbstractPropertyHolder - Attempting to locate auto-apply AttributeConverter for property [org.hiero.bot.persistence.entity.RepoConfigEntity:schedIssueReminderDays]
09:41:40.193 DEBUG [main] o.h.b.m.internal.BasicValueBinder - building BasicValue for schedIssueReminderDays
09:41:40.193 DEBUG [main] org.hibernate.mapping.BasicValue - Skipping column re-registration: repo_config.sched_issue_reminder_days
09:41:40.193 DEBUG [main] o.h.b.model.internal.PropertyBinder - Building property schedIssueReminderDays
09:41:40.193 DEBUG [main] o.h.b.model.internal.AnnotatedColumn - Binding column: AnnotatedColumn(column='sched_linked_issue_enforcer_days')
09:41:40.193 DEBUG [main] o.h.b.model.internal.PropertyBinder - MetadataSourceProcessor property schedLinkedIssueEnforcerDays with lazy=false
09:41:40.193 DEBUG [main] o.h.b.m.i.AbstractPropertyHolder - Attempting to locate auto-apply AttributeConverter for property [org.hiero.bot.persistence.entity.RepoConfigEntity:schedLinkedIssueEnforcerDays]
09:41:40.193 DEBUG [main] o.h.b.m.internal.BasicValueBinder - building BasicValue for schedLinkedIssueEnforcerDays
09:41:40.193 DEBUG [main] org.hibernate.mapping.BasicValue - Skipping column re-registration: repo_config.sched_linked_issue_enforcer_days
09:41:40.193 DEBUG [main] o.h.b.model.internal.PropertyBinder - Building property schedLinkedIssueEnforcerDays
09:41:40.193 DEBUG [main] o.h.b.model.internal.AnnotatedColumn - Binding column: AnnotatedColumn(column='sched_oh_anchor_date')
09:41:40.193 DEBUG [main] o.h.b.model.internal.PropertyBinder - MetadataSourceProcessor property schedOhAnchorDate with lazy=false
09:41:40.193 DEBUG [main] o.h.b.m.i.AbstractPropertyHolder - Attempting to locate auto-apply AttributeConverter for property [org.hiero.bot.persistence.entity.RepoConfigEntity:schedOhAnchorDate]
09:41:40.193 DEBUG [main] o.h.b.m.internal.BasicValueBinder - building BasicValue for schedOhAnchorDate
09:41:40.193 DEBUG [main] org.hibernate.mapping.BasicValue - Skipping column re-registration: repo_config.sched_oh_anchor_date
09:41:40.193 DEBUG [main] o.h.b.model.internal.PropertyBinder - Building property schedOhAnchorDate
09:41:40.193 DEBUG [main] o.h.b.model.internal.AnnotatedColumn - Binding column: AnnotatedColumn(column='sched_oh_calendar_link')
09:41:40.193 DEBUG [main] o.h.b.model.internal.PropertyBinder - MetadataSourceProcessor property schedOhCalendarLink with lazy=false
09:41:40.193 DEBUG [main] o.h.b.m.i.AbstractPropertyHolder - Attempting to locate auto-apply AttributeConverter for property [org.hiero.bot.persistence.entity.RepoConfigEntity:schedOhCalendarLink]
09:41:40.193 DEBUG [main] o.h.b.m.internal.BasicValueBinder - building BasicValue for schedOhCalendarLink
09:41:40.193 DEBUG [main] org.hibernate.mapping.BasicValue - Skipping column re-registration: repo_config.sched_oh_calendar_link
09:41:40.193 DEBUG [main] o.h.b.model.internal.PropertyBinder - Building property schedOhCalendarLink
09:41:40.193 DEBUG [main] o.h.b.model.internal.AnnotatedColumn - Binding column: AnnotatedColumn(column='cancelled_date')
09:41:40.193 DEBUG [main] o.h.b.model.internal.AnnotatedColumn - Binding column: AnnotatedJoinColumn()
09:41:40.193 DEBUG [main] o.h.b.model.internal.AnnotatedColumn - Binding column: IndexColumn(column='schedOhCancelledDates_ORDER')
09:41:40.193 DEBUG [main] o.h.b.model.internal.AnnotatedColumn - Binding column: AnnotatedColumn(column='cancelled_date')
09:41:40.193 DEBUG [main] o.h.b.model.internal.AnnotatedColumn - Binding column: AnnotatedColumn(column='schedOhCancelledDates_KEY')
09:41:40.193 DEBUG [main] o.h.b.model.internal.AnnotatedColumn - Binding column: AnnotatedJoinColumn(column='schedOhCancelledDates_KEY')
09:41:40.193 DEBUG [main] o.h.b.model.internal.AnnotatedColumn - Binding column: AnnotatedJoinColumn(column='repo_config_id')
09:41:40.193 DEBUG [main] o.h.b.model.internal.AnnotatedColumn - Binding column: AnnotatedJoinColumn()
09:41:40.193 DEBUG [main] o.h.b.m.internal.CollectionBinder - Collection role: org.hiero.bot.persistence.entity.RepoConfigEntity.schedOhCancelledDates
09:41:40.193 DEBUG [main] o.h.b.model.internal.PropertyBinder - Building property schedOhCancelledDates
09:41:40.193 DEBUG [main] o.h.b.model.internal.AnnotatedColumn - Binding column: AnnotatedColumn(column='excluded_author')
09:41:40.193 DEBUG [main] o.h.b.model.internal.AnnotatedColumn - Binding column: AnnotatedJoinColumn()
09:41:40.193 DEBUG [main] o.h.b.model.internal.AnnotatedColumn - Binding column: IndexColumn(column='schedOhExcludedAuthors_ORDER')
09:41:40.193 DEBUG [main] o.h.b.model.internal.AnnotatedColumn - Binding column: AnnotatedColumn(column='excluded_author')
09:41:40.193 DEBUG [main] o.h.b.model.internal.AnnotatedColumn - Binding column: AnnotatedColumn(column='schedOhExcludedAuthors_KEY')
09:41:40.193 DEBUG [main] o.h.b.model.internal.AnnotatedColumn - Binding column: AnnotatedJoinColumn(column='schedOhExcludedAuthors_KEY')
[...]
09:41:40.231 DEBUG [main] o.h.e.t.internal.TransactionImpl - On TransactionImpl creation, JpaCompliance#isJpaTransactionComplianceEnabled == false
09:41:40.231 DEBUG [main] o.h.e.t.internal.TransactionImpl - begin
09:41:40.231 DEBUG [main] org.hibernate.orm.sql.exec - Skipping reading Query result cache data: cache-enabled = false, cache-mode = NORMAL
09:41:40.231 DEBUG [main] org.hibernate.SQL - select count(ghae1_0.id) from github_account ghae1_0 where ghae1_0.repo_id=? and ghae1_0.github_id=? and ghae1_0.dtype='SPAM'
09:41:40.231 DEBUG [main] o.hibernate.engine.spi.ActionQueue - Executing identity-insert immediately
09:41:40.231 DEBUG [main] org.hibernate.SQL - insert into github_account (github_id,repo_id,username,dtype,id) values (?,?,?,'SPAM',default)
09:41:40.231 DEBUG [main] org.hibernate.orm.results - Initializer list is empty
09:41:40.231 DEBUG [main] o.h.id.IdentifierGeneratorHelper - Extracted generated values [org.hiero.bot.persistence.entity.GitHubAccountEntity]: [Ljava.lang.Object;@57d8d5ed
09:41:40.231 DEBUG [main] o.h.e.i.AbstractFlushingEventListener - Processing flush-time cascades
09:41:40.231 DEBUG [main] o.h.e.i.AbstractFlushingEventListener - Dirty checking collections
09:41:40.231 DEBUG [main] o.h.e.i.AbstractFlushingEventListener - Flushed: 0 insertions, 0 updates, 0 deletions to 1 objects
09:41:40.231 DEBUG [main] o.h.e.i.AbstractFlushingEventListener - Flushed: 0 (re)creations, 0 updates, 0 removals to 0 collections
09:41:40.231 DEBUG [main] o.h.internal.util.EntityPrinter - Listing entities:
09:41:40.231 DEBUG [main] o.h.internal.util.EntityPrinter - org.hiero.bot.persistence.entity.GitHubAccountEntity{repoId=1, githubId=100, id=3, username=alice}
09:41:40.231 DEBUG [main] org.hibernate.orm.sql.exec - Skipping reading Query result cache data: cache-enabled = false, cache-mode = NORMAL
09:41:40.231 DEBUG [main] org.hibernate.SQL - select count(ghae1_0.id) from github_account ghae1_0 where ghae1_0.repo_id=? and ghae1_0.github_id=? and ghae1_0.dtype='SPAM'
09:41:40.231 DEBUG [main] o.hibernate.engine.spi.ActionQueue - Executing identity-insert immediately
09:41:40.231 DEBUG [main] org.hibernate.SQL - insert into github_account (github_id,repo_id,username,dtype,id) values (?,?,?,'SPAM',default)
09:41:40.232 DEBUG [main] org.hibernate.orm.results - Initializer list is empty
09:41:40.232 DEBUG [main] o.h.id.IdentifierGeneratorHelper - Extracted generated values [org.hiero.bot.persistence.entity.GitHubAccountEntity]: [Ljava.lang.Object;@3212ff1b
09:41:40.232 DEBUG [main] o.h.e.i.AbstractFlushingEventListener - Processing flush-time cascades
09:41:40.232 DEBUG [main] o.h.e.i.AbstractFlushingEventListener - Dirty checking collections
09:41:40.232 DEBUG [main] o.h.e.i.AbstractFlushingEventListener - Flushed: 0 insertions, 0 updates, 0 deletions to 2 objects
09:41:40.232 DEBUG [main] o.h.e.i.AbstractFlushingEventListener - Flushed: 0 (re)creations, 0 updates, 0 removals to 0 collections
09:41:40.232 DEBUG [main] o.h.internal.util.EntityPrinter - Listing entities:
09:41:40.232 DEBUG [main] o.h.internal.util.EntityPrinter - org.hiero.bot.persistence.entity.GitHubAccountEntity{repoId=1, githubId=200, id=4, username=bob}
09:41:40.232 DEBUG [main] o.h.internal.util.EntityPrinter - org.hiero.bot.persistence.entity.GitHubAccountEntity{repoId=1, githubId=100, id=3, username=alice}
09:41:40.232 DEBUG [main] org.hibernate.orm.sql.exec - Skipping reading Query result cache data: cache-enabled = false, cache-mode = NORMAL
09:41:40.232 DEBUG [main] org.hibernate.SQL - select count(ghae1_0.id) from github_account ghae1_0 where ghae1_0.repo_id=? and ghae1_0.github_id=? and ghae1_0.dtype='SPAM'
09:41:40.232 DEBUG [main] o.hibernate.engine.spi.ActionQueue - Executing identity-insert immediately
09:41:40.232 DEBUG [main] org.hibernate.SQL - insert into github_account (github_id,repo_id,username,dtype,id) values (?,?,?,'SPAM',default)
09:41:40.232 DEBUG [main] org.hibernate.orm.results - Initializer list is empty
09:41:40.232 DEBUG [main] o.h.id.IdentifierGeneratorHelper - Extracted generated values [org.hiero.bot.persistence.entity.GitHubAccountEntity]: [Ljava.lang.Object;@42becaf6
09:41:40.232 DEBUG [main] o.h.e.t.internal.TransactionImpl - committing
09:41:40.232 DEBUG [main] o.h.e.i.AbstractFlushingEventListener - Processing flush-time cascades
09:41:40.232 DEBUG [main] o.h.e.i.AbstractFlushingEventListener - Dirty checking collections
09:41:40.232 DEBUG [main] o.h.e.i.AbstractFlushingEventListener - Flushed: 0 insertions, 0 updates, 0 deletions to 3 objects
09:41:40.232 DEBUG [main] o.h.e.i.AbstractFlushingEventListener - Flushed: 0 (re)creations, 0 updates, 0 removals to 0 collections
09:41:40.232 DEBUG [main] o.h.internal.util.EntityPrinter - Listing entities:
09:41:40.232 DEBUG [main] o.h.internal.util.EntityPrinter - org.hiero.bot.persistence.entity.GitHubAccountEntity{repoId=1, githubId=200, id=4, username=bob}
09:41:40.232 DEBUG [main] o.h.internal.util.EntityPrinter - org.hiero.bot.persistence.entity.GitHubAccountEntity{repoId=2, githubId=300, id=5, username=charlie}
09:41:40.232 DEBUG [main] o.h.internal.util.EntityPrinter - org.hiero.bot.persistence.entity.GitHubAccountEntity{repoId=1, githubId=100, id=3, username=alice}
09:41:40.232 DEBUG [main] o.h.r.j.i.LogicalConnectionManagedImpl - Initiating JDBC connection release from afterTransaction
09:41:40.232 DEBUG [main] o.h.r.j.i.LogicalConnectionManagedImpl - Initiating JDBC connection release from afterTransaction
09:41:40.232 DEBUG [main] org.hibernate.orm.query.hql - HQL : SELECT e FROM GitHubAccountEntity e WHERE e.repoId = :repoId AND TYPE(e) = GitHubAccountEntity ORDER BY e.username
09:41:40.232 DEBUG [main] o.hibernate.orm.query.sqm.creation - Applying inferable type to SqmExpression [SqmNamedParameter(repoId)] : null -> SqmBasicValuedSimplePath(org.hiero.bot.persistence.entity.GitHubAccountEntity(e).repoId)
09:41:40.232 DEBUG [main] org.hibernate.orm.query.hql - Unable to resolve unqualified attribute [GitHubAccountEntity] in local from-clause
09:41:40.232 DEBUG [main] org.hibernate.orm.query.sqm.ast - SqmStatement Tree :
    -> [select]
      -> [query-spec]
        -> [select]
          -> [selection]
            -> [root] - `org.hiero.bot.persistence.entity.GitHubAccountEntity(e)`
            <- [root] - `org.hiero.bot.persistence.entity.GitHubAccountEntity(e)`
          <- [selection]
        <- [select]
        -> [from]
          -> [root] - `org.hiero.bot.persistence.entity.GitHubAccountEntity(e)`
          <- [root] - `org.hiero.bot.persistence.entity.GitHubAccountEntity(e)`
        <- [from]
        -> [where]
          -> [and]
            -> [EQUAL]
                -> [basic-path] - `org.hiero.bot.persistence.entity.GitHubAccountEntity(e).repoId`
                :repoId
            <- [EQUAL]
            -> [EQUAL]
                -> [discriminator-path] - `org.hiero.bot.persistence.entity.GitHubAccountEntity(e).{discriminator}`
            <- [EQUAL]
          <- [and]
        <- [where]
      <- [query-spec]
    <- [select]

09:41:40.232 DEBUG [main] org.hibernate.orm.sql.ast.create - Created new SQL alias : ghae1_0
09:41:40.232 DEBUG [main] org.hibernate.orm.sql.ast.create - Registration of TableGroup [StandardTableGroup(org.hiero.bot.persistence.entity.GitHubAccountEntity(e))] with identifierForTableGroup [org.hiero.bot.persistence.entity.GitHubAccountEntity] for NavigablePath [org.hiero.bot.persistence.entity.GitHubAccountEntity] 
09:41:40.233 DEBUG [main] o.h.q.s.sql.BaseSqmToSqlAstConverter - Determining mapping-model type for SqmParameter : SqmNamedParameter(repoId)
09:41:40.233 DEBUG [main] o.h.q.s.sql.BaseSqmToSqlAstConverter - Determining mapping-model type for SqmPath : SqmBasicValuedSimplePath(org.hiero.bot.persistence.entity.GitHubAccountEntity(e).repoId) 
09:41:40.233 DEBUG [main] org.hibernate.orm.results.graph.AST - DomainResult Graph:
 \-EntityResultImpl [org.hiero.bot.persistence.entity.GitHubAccountEntity(e)]
 |  +-BasicFetch [org.hiero.bot.persistence.entity.GitHubAccountEntity(e).githubId]
 |  +-BasicFetch [org.hiero.bot.persistence.entity.GitHubAccountEntity(e).repoId]
 |  +-BasicFetch [org.hiero.bot.persistence.entity.GitHubAccountEntity(e).username]
 |  \-BasicFetch [treat(org.hiero.bot.persistence.entity.GitHubAccountEntity(e) as org.hiero.bot.persistence.entity.MentorAccountEntity).usedAsMentor]

09:41:40.233 DEBUG [main] org.hibernate.orm.sql.ast.tree - SQL AST Tree:
    SelectStatement {
      FromClause {
        StandardTableGroup (ghae1 : org.hiero.bot.persistence.entity.GitHubAccountEntity(e)) {
          primaryTableReference : github_account as ghae1_0
        }
      }
    }

09:41:40.233 DEBUG [main] org.hibernate.orm.sql.exec - Skipping reading Query result cache data: cache-enabled = false, cache-mode = NORMAL
09:41:40.233 DEBUG [main] org.hibernate.SQL - select ghae1_0.id,ghae1_0.dtype,ghae1_0.github_id,ghae1_0.repo_id,ghae1_0.username,ghae1_0.used_as_mentor from github_account ghae1_0 where ghae1_0.repo_id=? and ghae1_0.dtype='SPAM' order by ghae1_0.username
09:41:40.233 DEBUG [main] org.hibernate.orm.results - Initializer list:
	  org.hiero.bot.persistence.entity.GitHubAccountEntity(e) -> EntityJoinedFetchInitializer(org.hiero.bot.persistence.entity.GitHubAccountEntity(e))@628174083 (SingleTableEntityPersister(org.hiero.bot.persistence.entity.GitHubAccountEntity))

09:41:40.233 DEBUG [main] o.h.r.j.i.LogicalConnectionManagedImpl - Initiating JDBC connection release from afterTransaction
09:41:40.233 DEBUG [main] o.h.r.j.i.LogicalConnectionManagedImpl - Initiating JDBC connection release from afterTransaction
]]></system-out>
  </testcase>
  <testcase name="isSpamReturnsFalseForUnknownUser" classname="org.hiero.bot.persistence.repository.GitHubAccountRepositoryTest" time="0.0">
    <system-out><![CDATA[09:41:40.234 DEBUG [main] o.h.e.t.internal.TransactionImpl - On TransactionImpl creation, JpaCompliance#isJpaTransactionComplianceEnabled == false
09:41:40.234 DEBUG [main] o.h.e.t.internal.TransactionImpl - begin
09:41:40.234 DEBUG [main] org.hibernate.orm.sql.ast.create - Created new SQL alias : ghae1_0
09:41:40.234 DEBUG [main] org.hibernate.orm.sql.ast.create - Registration of TableGroup [StandardTableGroup(org.hiero.bot.persistence.entity.GitHubAccountEntity(4))] with identifierForTableGroup [org.hiero.bot.persistence.entity.GitHubAccountEntity] for NavigablePath [org.hiero.bot.persistence.entity.GitHubAccountEntity] 
09:41:40.234 DEBUG [main] org.hibernate.SQL - delete from github_account ghae1_0
09:41:40.234 DEBUG [main] o.h.e.t.internal.TransactionImpl - committing
09:41:40.234 DEBUG [main] o.h.r.j.i.LogicalConnectionManagedImpl - Initiating JDBC connection release from afterTransaction
09:41:40.234 DEBUG [main] o.h.r.j.i.LogicalConnectionManagedImpl - Initiating JDBC connection release from afterTransaction
09:41:40.234 DEBUG [main] org.hibernate.orm.sql.exec - Skipping reading Query result cache data: cache-enabled = false, cache-mode = NORMAL
09:41:40.234 DEBUG [main] org.hibernate.SQL - select count(ghae1_0.id) from github_account ghae1_0 where ghae1_0.repo_id=? and ghae1_0.github_id=? and ghae1_0.dtype='SPAM'
09:41:40.234 DEBUG [main] o.h.r.j.i.LogicalConnectionManagedImpl - Initiating JDBC connection release from afterTransaction
09:41:40.234 DEBUG [main] o.h.r.j.i.LogicalConnectionManagedImpl - Initiating JDBC connection release from afterTransaction
]]></system-out>
  </testcase>
  <testcase name="deleteAllSpamUsersRemovesOnlyTargetedRepo" classname="org.hiero.bot.persistence.repository.GitHubAccountRepositoryTest" time="0.002">
    <system-out><![CDATA[09:41:40.234 DEBUG [main] o.h.e.t.internal.TransactionImpl - On TransactionImpl creation, JpaCompliance#isJpaTransactionComplianceEnabled == false
09:41:40.234 DEBUG [main] o.h.e.t.internal.TransactionImpl - begin
09:41:40.234 DEBUG [main] org.hibernate.orm.sql.ast.create - Created new SQL alias : ghae1_0
09:41:40.234 DEBUG [main] org.hibernate.orm.sql.ast.create - Registration of TableGroup [StandardTableGroup(org.hiero.bot.persistence.entity.GitHubAccountEntity(4))] with identifierForTableGroup [org.hiero.bot.persistence.entity.GitHubAccountEntity] for NavigablePath [org.hiero.bot.persistence.entity.GitHubAccountEntity] 
09:41:40.234 DEBUG [main] org.hibernate.SQL - delete from github_account ghae1_0
09:41:40.234 DEBUG [main] o.h.e.t.internal.TransactionImpl - committing
09:41:40.234 DEBUG [main] o.h.r.j.i.LogicalConnectionManagedImpl - Initiating JDBC connection release from afterTransaction
09:41:40.234 DEBUG [main] o.h.r.j.i.LogicalConnectionManagedImpl - Initiating JDBC connection release from afterTransaction
09:41:40.234 DEBUG [main] o.h.e.t.internal.TransactionImpl - On TransactionImpl creation, JpaCompliance#isJpaTransactionComplianceEnabled == false
09:41:40.234 DEBUG [main] o.h.e.t.internal.TransactionImpl - begin
09:41:40.234 DEBUG [main] org.hibernate.orm.sql.exec - Skipping reading Query result cache data: cache-enabled = false, cache-mode = NORMAL
09:41:40.234 DEBUG [main] org.hibernate.SQL - select count(ghae1_0.id) from github_account ghae1_0 where ghae1_0.repo_id=? and ghae1_0.github_id=? and ghae1_0.dtype='SPAM'
09:41:40.235 DEBUG [main] o.hibernate.engine.spi.ActionQueue - Executing identity-insert immediately
09:41:40.235 DEBUG [main] org.hibernate.SQL - insert into github_account (github_id,repo_id,username,dtype,id) values (?,?,?,'SPAM',default)
09:41:40.235 DEBUG [main] org.hibernate.orm.results - Initializer list is empty
09:41:40.235 DEBUG [main] o.h.id.IdentifierGeneratorHelper - Extracted generated values [org.hiero.bot.persistence.entity.GitHubAccountEntity]: [Ljava.lang.Object;@60a0094a
09:41:40.235 DEBUG [main] o.h.e.i.AbstractFlushingEventListener - Processing flush-time cascades
09:41:40.235 DEBUG [main] o.h.e.i.AbstractFlushingEventListener - Dirty checking collections
09:41:40.235 DEBUG [main] o.h.e.i.AbstractFlushingEventListener - Flushed: 0 insertions, 0 updates, 0 deletions to 1 objects
09:41:40.235 DEBUG [main] o.h.e.i.AbstractFlushingEventListener - Flushed: 0 (re)creations, 0 updates, 0 removals to 0 collections
09:41:40.235 DEBUG [main] o.h.internal.util.EntityPrinter - Listing entities:
09:41:40.235 DEBUG [main] o.h.internal.util.EntityPrinter - org.hiero.bot.persistence.entity.GitHubAccountEntity{repoId=1, githubId=100, id=6, username=alice}
09:41:40.235 DEBUG [main] org.hibernate.orm.sql.exec - Skipping reading Query result cache data: cache-enabled = false, cache-mode = NORMAL
09:41:40.235 DEBUG [main] org.hibernate.SQL - select count(ghae1_0.id) from github_account ghae1_0 where ghae1_0.repo_id=? and ghae1_0.github_id=? and ghae1_0.dtype='SPAM'
09:41:40.235 DEBUG [main] o.hibernate.engine.spi.ActionQueue - Executing identity-insert immediately
09:41:40.235 DEBUG [main] org.hibernate.SQL - insert into github_account (github_id,repo_id,username,dtype,id) values (?,?,?,'SPAM',default)
09:41:40.235 DEBUG [main] org.hibernate.orm.results - Initializer list is empty
09:41:40.235 DEBUG [main] o.h.id.IdentifierGeneratorHelper - Extracted generated values [org.hiero.bot.persistence.entity.GitHubAccountEntity]: [Ljava.lang.Object;@6969e079
09:41:40.235 DEBUG [main] o.h.e.t.internal.TransactionImpl - committing
09:41:40.235 DEBUG [main] o.h.e.i.AbstractFlushingEventListener - Processing flush-time cascades
09:41:40.235 DEBUG [main] o.h.e.i.AbstractFlushingEventListener - Dirty checking collections
09:41:40.235 DEBUG [main] o.h.e.i.AbstractFlushingEventListener - Flushed: 0 insertions, 0 updates, 0 deletions to 2 objects
09:41:40.235 DEBUG [main] o.h.e.i.AbstractFlushingEventListener - Flushed: 0 (re)creations, 0 updates, 0 removals to 0 collections
09:41:40.235 DEBUG [main] o.h.internal.util.EntityPrinter - Listing entities:
09:41:40.235 DEBUG [main] o.h.internal.util.EntityPrinter - org.hiero.bot.persistence.entity.GitHubAccountEntity{repoId=1, githubId=100, id=6, username=alice}
09:41:40.235 DEBUG [main] o.h.internal.util.EntityPrinter - org.hiero.bot.persistence.entity.GitHubAccountEntity{repoId=2, githubId=200, id=7, username=bob}
09:41:40.235 DEBUG [main] o.h.r.j.i.LogicalConnectionManagedImpl - Initiating JDBC connection release from afterTransaction
09:41:40.235 DEBUG [main] o.h.r.j.i.LogicalConnectionManagedImpl - Initiating JDBC connection release from afterTransaction
09:41:40.235 DEBUG [main] o.h.e.t.internal.TransactionImpl - On TransactionImpl creation, JpaCompliance#isJpaTransactionComplianceEnabled == false
09:41:40.235 DEBUG [main] o.h.e.t.internal.TransactionImpl - begin
09:41:40.235 DEBUG [main] org.hibernate.orm.query.hql - HQL : DELETE FROM GitHubAccountEntity e WHERE e.repoId = :repoId AND TYPE(e) = GitHubAccountEntity
09:41:40.235 DEBUG [main] o.hibernate.orm.query.sqm.creation - Applying inferable type to SqmExpression [SqmNamedParameter(repoId)] : null -> SqmBasicValuedSimplePath(org.hiero.bot.persistence.entity.GitHubAccountEntity(e).repoId)
09:41:40.235 DEBUG [main] org.hibernate.orm.query.hql - Unable to resolve unqualified attribute [GitHubAccountEntity] in local from-clause
09:41:40.235 DEBUG [main] org.hibernate.orm.query.sqm.ast - SqmStatement Tree :
    -> [delete]
      [target = org.hiero.bot.persistence.entity.GitHubAccountEntity(e)]
      -> [where]
        -> [and]
          -> [EQUAL]
              -> [basic-path] - `org.hiero.bot.persistence.entity.GitHubAccountEntity(e).repoId`
              :repoId
          <- [EQUAL]
          -> [EQUAL]
              -> [discriminator-path] - `org.hiero.bot.persistence.entity.GitHubAccountEntity(e).{discriminator}`
          <- [EQUAL]
        <- [and]
      <- [where]
    <- [delete]

09:41:40.235 DEBUG [main] org.hibernate.orm.sql.ast.create - Created new SQL alias : ghae1_0
09:41:40.235 DEBUG [main] org.hibernate.orm.sql.ast.create - Registration of TableGroup [StandardTableGroup(org.hiero.bot.persistence.entity.GitHubAccountEntity(e))] with identifierForTableGroup [org.hiero.bot.persistence.entity.GitHubAccountEntity] for NavigablePath [org.hiero.bot.persistence.entity.GitHubAccountEntity] 
09:41:40.235 DEBUG [main] o.h.q.s.sql.BaseSqmToSqlAstConverter - Determining mapping-model type for SqmParameter : SqmNamedParameter(repoId)
09:41:40.235 DEBUG [main] o.h.q.s.sql.BaseSqmToSqlAstConverter - Determining mapping-model type for SqmPath : SqmBasicValuedSimplePath(org.hiero.bot.persistence.entity.GitHubAccountEntity(e).repoId) 
09:41:40.236 DEBUG [main] org.hibernate.SQL - delete from github_account ghae1_0 where ghae1_0.repo_id=? and ghae1_0.dtype='SPAM'
09:41:40.236 DEBUG [main] o.h.e.t.internal.TransactionImpl - committing
09:41:40.236 DEBUG [main] o.h.r.j.i.LogicalConnectionManagedImpl - Initiating JDBC connection release from afterTransaction
09:41:40.236 DEBUG [main] o.h.r.j.i.LogicalConnectionManagedImpl - Initiating JDBC connection release from afterTransaction
09:41:40.236 DEBUG [main] org.hibernate.orm.sql.exec - Skipping reading Query result cache data: cache-enabled = false, cache-mode = NORMAL
09:41:40.236 DEBUG [main] org.hibernate.SQL - select count(ghae1_0.id) from github_account ghae1_0 where ghae1_0.repo_id=? and ghae1_0.github_id=? and ghae1_0.dtype='SPAM'
09:41:40.236 DEBUG [main] o.h.r.j.i.LogicalConnectionManagedImpl - Initiating JDBC connection release from afterTransaction
09:41:40.236 DEBUG [main] o.h.r.j.i.LogicalConnectionManagedImpl - Initiating JDBC connection release from afterTransaction
09:41:40.236 DEBUG [main] org.hibernate.orm.sql.exec - Skipping reading Query result cache data: cache-enabled = false, cache-mode = NORMAL
09:41:40.236 DEBUG [main] org.hibernate.SQL - select count(ghae1_0.id) from github_account ghae1_0 where ghae1_0.repo_id=? and ghae1_0.github_id=? and ghae1_0.dtype='SPAM'
09:41:40.236 DEBUG [main] o.h.r.j.i.LogicalConnectionManagedImpl - Initiating JDBC connection release from afterTransaction
09:41:40.236 DEBUG [main] o.h.r.j.i.LogicalConnectionManagedImpl - Initiating JDBC connection release from afterTransaction
]]></system-out>
  </testcase>
</testsuite>